1648433458251	geckodriver	INFO	Listening on 127.0.0.1:63440
1648433461319	mozrunner::runner	INFO	Running command: "D:\\Program Files (x86)\\Mozilla Firefox\\firefox.exe" "--marionette" "--remote-debugging-port" "63441" "-no-remote" "-profile" "C:\\Users\\对二氯苯\\AppData\\Local\\Temp\\rust_mozprofile19EFt2"
1648433461991	Marionette	INFO	Marionette enabled
console.warn: SearchSettings: "get: No settings file exists, new profile?" (new NotFoundError("Could not open the file at C:\\Users\\\u5BF9\u4E8C\u6C2F\u82EF\\AppData\\Local\\Temp\\rust_mozprofile19EFt2\\search.json.mozlz4", (void 0)))
DevTools listening on ws://localhost:63441/devtools/browser/e17f70db-b3c2-4b68-a7fc-98b93973d089
1648433464252	Marionette	INFO	Listening on port 63457
1648433464575	RemoteAgent	WARN	TLS certificate errors will be ignored for this session
1648433476441	Marionette	INFO	Stopped listening on port 63457
console.warn: TopSitesFeed: Failed to fetch data from Contile server: NetworkError when attempting to fetch resource.

###!!! [Parent][PGPUParent] Error: RunMessage(msgname=PGPU::Msg_ShutdownVR) Channel closing: too late to send/recv, messages will be lost

1648433478064	geckodriver	INFO	Listening on 127.0.0.1:63508
1648433481104	mozrunner::runner	INFO	Running command: "D:\\Program Files (x86)\\Mozilla Firefox\\firefox.exe" "--marionette" "--remote-debugging-port" "63509" "-no-remote" "-profile" "C:\\Users\\对二氯苯\\AppData\\Local\\Temp\\rust_mozprofileYWnN9f"
1648433481354	Marionette	INFO	Marionette enabled
console.warn: SearchSettings: "get: No settings file exists, new profile?" (new NotFoundError("Could not open the file at C:\\Users\\\u5BF9\u4E8C\u6C2F\u82EF\\AppData\\Local\\Temp\\rust_mozprofileYWnN9f\\search.json.mozlz4", (void 0)))
DevTools listening on ws://localhost:63509/devtools/browser/6bdac9ac-5384-4ca3-ab03-7a7bb71256fd
1648433482961	Marionette	INFO	Listening on port 63514
1648433483174	RemoteAgent	WARN	TLS certificate errors will be ignored for this session
1648433859155	geckodriver	INFO	Listening on 127.0.0.1:63712
1648433862214	mozrunner::runner	INFO	Running command: "D:\\Program Files (x86)\\Mozilla Firefox\\firefox.exe" "--marionette" "--remote-debugging-port" "63713" "-no-remote" "-profile" "C:\\Users\\对二氯苯\\AppData\\Local\\Temp\\rust_mozprofile3nVNxf"
1648433862503	Marionette	INFO	Marionette enabled
console.warn: SearchSettings: "get: No settings file exists, new profile?" (new NotFoundError("Could not open the file at C:\\Users\\\u5BF9\u4E8C\u6C2F\u82EF\\AppData\\Local\\Temp\\rust_mozprofile3nVNxf\\search.json.mozlz4", (void 0)))
DevTools listening on ws://localhost:63713/devtools/browser/130540f5-3cc3-4b46-bbb9-cba7d9c4dee2
1648433864224	Marionette	INFO	Listening on port 63719
1648433864281	RemoteAgent	WARN	TLS certificate errors will be ignored for this session
1648433864397	Marionette	INFO	Stopped listening on port 63719
console.warn: TopSitesFeed: Failed to fetch data from Contile server: NetworkError when attempting to fetch resource.
console.error: Region.jsm: "Error fetching region" (new TypeError("NetworkError when attempting to fetch resource.", ""))
console.error: Region.jsm: "Failed to fetch region" (new Error("NO_RESULT", "resource://gre/modules/Region.jsm", 419))
1648712305171	geckodriver	INFO	Listening on 127.0.0.1:60036
1648712308315	mozrunner::runner	INFO	Running command: "D:\\Program Files (x86)\\Mozilla Firefox\\firefox.exe" "--marionette" "--remote-debugging-port" "60037" "-no-remote" "-profile" "C:\\Users\\对二氯苯\\AppData\\Local\\Temp\\rust_mozprofilezrKQeG"
1648712309273	Marionette	INFO	Marionette enabled
console.warn: SearchSettings: "get: No settings file exists, new profile?" (new NotFoundError("Could not open the file at C:\\Users\\\u5BF9\u4E8C\u6C2F\u82EF\\AppData\\Local\\Temp\\rust_mozprofilezrKQeG\\search.json.mozlz4", (void 0)))
DevTools listening on ws://localhost:60037/devtools/browser/84e091a7-b923-4407-913b-6c3dbe7a1ee5
1648712312293	Marionette	INFO	Listening on port 60045
1648712312575	RemoteAgent	WARN	TLS certificate errors will be ignored for this session
1648712312937	Marionette	INFO	Stopped listening on port 60045
console.warn: TopSitesFeed: Failed to fetch data from Contile server: NetworkError when attempting to fetch resource.
console.error: Region.jsm: "Error fetching region" (new TypeError("NetworkError when attempting to fetch resource.", ""))
console.error: Region.jsm: "Failed to fetch region" (new Error("NO_RESULT", "resource://gre/modules/Region.jsm", 419))

###!!! [Parent][PGPUParent] Error: RunMessage(msgname=PGPU::Msg_ShutdownVR) Channel closing: too late to send/recv, messages will be lost

1648712420979	geckodriver	INFO	Listening on 127.0.0.1:60086
1648712424131	mozrunner::runner	INFO	Running command: "D:\\Program Files (x86)\\Mozilla Firefox\\firefox.exe" "--marionette" "--remote-debugging-port" "60087" "-no-remote" "-profile" "C:\\Users\\对二氯苯\\AppData\\Local\\Temp\\rust_mozprofileIRQYgr"
1648712424436	Marionette	INFO	Marionette enabled
console.warn: SearchSettings: "get: No settings file exists, new profile?" (new NotFoundError("Could not open the file at C:\\Users\\\u5BF9\u4E8C\u6C2F\u82EF\\AppData\\Local\\Temp\\rust_mozprofileIRQYgr\\search.json.mozlz4", (void 0)))
DevTools listening on ws://localhost:60087/devtools/browser/2d6cf805-c9c2-4d83-a2bd-ec00074afdc9
1648712426401	Marionette	INFO	Listening on port 60092
1648712426845	RemoteAgent	WARN	TLS certificate errors will be ignored for this session
1648712427045	Marionette	INFO	Stopped listening on port 60092
console.warn: TopSitesFeed: Failed to fetch data from Contile server: NetworkError when attempting to fetch resource.
console.error: Region.jsm: "Error fetching region" (new TypeError("NetworkError when attempting to fetch resource.", ""))
console.error: Region.jsm: "Failed to fetch region" (new Error("NO_RESULT", "resource://gre/modules/Region.jsm", 419))
JavaScript error: resource://gre/modules/TerminatorTelemetry.jsm, line 71: AbortError: IOUtils: Shutting down and refusing additional I/O tasks

###!!! [Parent][PGPUParent] Error: RunMessage(msgname=PGPU::Msg_ShutdownVR) Channel closing: too late to send/recv, messages will be lost

1648712735490	geckodriver	INFO	Listening on 127.0.0.1:65519
1648712738662	mozrunner::runner	INFO	Running command: "D:\\Program Files (x86)\\Mozilla Firefox\\firefox.exe" "--marionette" "--remote-debugging-port" "65520" "-no-remote" "-profile" "C:\\Users\\对二氯苯\\AppData\\Local\\Temp\\rust_mozprofileTSzXA7"
1648712738977	Marionette	INFO	Marionette enabled
console.warn: SearchSettings: "get: No settings file exists, new profile?" (new NotFoundError("Could not open the file at C:\\Users\\\u5BF9\u4E8C\u6C2F\u82EF\\AppData\\Local\\Temp\\rust_mozprofileTSzXA7\\search.json.mozlz4", (void 0)))
DevTools listening on ws://localhost:65520/devtools/browser/e6b5ceea-d86b-41c4-8373-9751dfc25f7e
1648712741023	Marionette	INFO	Listening on port 65525
1648712741366	RemoteAgent	WARN	TLS certificate errors will be ignored for this session
1648712741615	Marionette	INFO	Stopped listening on port 65525
console.warn: TopSitesFeed: Failed to fetch data from Contile server: NetworkError when attempting to fetch resource.
console.error: Region.jsm: "Error fetching region" (new TypeError("NetworkError when attempting to fetch resource.", ""))
console.error: Region.jsm: "Failed to fetch region" (new Error("NO_RESULT", "resource://gre/modules/Region.jsm", 419))
JavaScript error: resource://gre/modules/TerminatorTelemetry.jsm, line 71: AbortError: IOUtils: Shutting down and refusing additional I/O tasks
1648712796695	geckodriver	INFO	Listening on 127.0.0.1:49168
1648712799843	mozrunner::runner	INFO	Running command: "D:\\Program Files (x86)\\Mozilla Firefox\\firefox.exe" "--marionette" "--remote-debugging-port" "49169" "-no-remote" "-profile" "C:\\Users\\对二氯苯\\AppData\\Local\\Temp\\rust_mozprofilePMxYWO"
1648712800131	Marionette	INFO	Marionette enabled
console.warn: SearchSettings: "get: No settings file exists, new profile?" (new NotFoundError("Could not open the file at C:\\Users\\\u5BF9\u4E8C\u6C2F\u82EF\\AppData\\Local\\Temp\\rust_mozprofilePMxYWO\\search.json.mozlz4", (void 0)))
DevTools listening on ws://localhost:49169/devtools/browser/5c374d7b-fdbb-483e-a8c0-789a622435a7
1648712802173	Marionette	INFO	Listening on port 49174
1648712802543	RemoteAgent	WARN	TLS certificate errors will be ignored for this session
console.error: Region.jsm: "Error fetching region" (new Error("TIMEOUT", "resource://gre/modules/Region.jsm", 772))
console.error: Region.jsm: "Failed to fetch region" (new Error("TIMEOUT", "resource://gre/modules/Region.jsm", 419))
1648712816395	Marionette	INFO	Stopped listening on port 49174
console.warn: TopSitesFeed: Failed to fetch data from Contile server: NetworkError when attempting to fetch resource.

###!!! [Parent][PGPUParent] Error: RunMessage(msgname=PGPU::Msg_ShutdownVR) Channel closing: too late to send/recv, messages will be lost

1648712851716	geckodriver	INFO	Listening on 127.0.0.1:49220
1648712854884	mozrunner::runner	INFO	Running command: "D:\\Program Files (x86)\\Mozilla Firefox\\firefox.exe" "--marionette" "--remote-debugging-port" "49221" "-no-remote" "-profile" "C:\\Users\\对二氯苯\\AppData\\Local\\Temp\\rust_mozprofileCN1L3P"
1648712855195	Marionette	INFO	Marionette enabled
console.warn: SearchSettings: "get: No settings file exists, new profile?" (new NotFoundError("Could not open the file at C:\\Users\\\u5BF9\u4E8C\u6C2F\u82EF\\AppData\\Local\\Temp\\rust_mozprofileCN1L3P\\search.json.mozlz4", (void 0)))
DevTools listening on ws://localhost:49221/devtools/browser/e6b576af-8b77-4be5-b059-429db69526a5
1648712857151	Marionette	INFO	Listening on port 49226
1648712857573	RemoteAgent	WARN	TLS certificate errors will be ignored for this session
1648712857744	Marionette	INFO	Stopped listening on port 49226
console.warn: TopSitesFeed: Failed to fetch data from Contile server: NetworkError when attempting to fetch resource.
console.error: Region.jsm: "Error fetching region" (new TypeError("NetworkError when attempting to fetch resource.", ""))
console.error: Region.jsm: "Failed to fetch region" (new Error("NO_RESULT", "resource://gre/modules/Region.jsm", 419))

###!!! [Parent][PGPUParent] Error: RunMessage(msgname=PGPU::Msg_ShutdownVR) Channel closing: too late to send/recv, messages will be lost

JavaScript error: resource://gre/modules/TerminatorTelemetry.jsm, line 71: AbortError: IOUtils: Shutting down and refusing additional I/O tasks
1648712866579	geckodriver	INFO	Listening on 127.0.0.1:49248
1648712869728	mozrunner::runner	INFO	Running command: "D:\\Program Files (x86)\\Mozilla Firefox\\firefox.exe" "--marionette" "--remote-debugging-port" "49249" "-no-remote" "-profile" "C:\\Users\\对二氯苯\\AppData\\Local\\Temp\\rust_mozprofilekuoCKe"
1648712870021	Marionette	INFO	Marionette enabled
console.warn: SearchSettings: "get: No settings file exists, new profile?" (new NotFoundError("Could not open the file at C:\\Users\\\u5BF9\u4E8C\u6C2F\u82EF\\AppData\\Local\\Temp\\rust_mozprofilekuoCKe\\search.json.mozlz4", (void 0)))
DevTools listening on ws://localhost:49249/devtools/browser/3e0aa749-7619-4755-89ee-e58de6028fd6
1648712872015	Marionette	INFO	Listening on port 49254
1648712872440	RemoteAgent	WARN	TLS certificate errors will be ignored for this session
1648712872583	Marionette	INFO	Stopped listening on port 49254
console.warn: TopSitesFeed: Failed to fetch data from Contile server: NetworkError when attempting to fetch resource.
console.error: Region.jsm: "Error fetching region" (new TypeError("NetworkError when attempting to fetch resource.", ""))
console.error: Region.jsm: "Failed to fetch region" (new Error("NO_RESULT", "resource://gre/modules/Region.jsm", 419))

###!!! [Parent][PGPUParent] Error: RunMessage(msgname=PGPU::Msg_ShutdownVR) Channel closing: too late to send/recv, messages will be lost

JavaScript error: resource://gre/modules/TerminatorTelemetry.jsm, line 71: AbortError: IOUtils: Shutting down and refusing additional I/O tasks
1648712904036	geckodriver	INFO	Listening on 127.0.0.1:49278
1648712907183	mozrunner::runner	INFO	Running command: "D:\\Program Files (x86)\\Mozilla Firefox\\firefox.exe" "--marionette" "--remote-debugging-port" "49279" "-no-remote" "-profile" "C:\\Users\\对二氯苯\\AppData\\Local\\Temp\\rust_mozprofile56PYbZ"
1648712907483	Marionette	INFO	Marionette enabled
console.warn: SearchSettings: "get: No settings file exists, new profile?" (new NotFoundError("Could not open the file at C:\\Users\\\u5BF9\u4E8C\u6C2F\u82EF\\AppData\\Local\\Temp\\rust_mozprofile56PYbZ\\search.json.mozlz4", (void 0)))
DevTools listening on ws://localhost:49279/devtools/browser/d34959ab-3643-451e-97d8-4a6c644bdaa6
1648712909282	Marionette	INFO	Listening on port 49284
1648712909358	RemoteAgent	WARN	TLS certificate errors will be ignored for this session
1648712935218	Marionette	INFO	Stopped listening on port 49284
console.warn: TopSitesFeed: Failed to fetch data from Contile server: NetworkError when attempting to fetch resource.
1648712951170	geckodriver	INFO	Listening on 127.0.0.1:49324
1648712954320	mozrunner::runner	INFO	Running command: "D:\\Program Files (x86)\\Mozilla Firefox\\firefox.exe" "--marionette" "--remote-debugging-port" "49325" "-no-remote" "-profile" "C:\\Users\\对二氯苯\\AppData\\Local\\Temp\\rust_mozprofileI1YODg"
1648712954640	Marionette	INFO	Marionette enabled
console.warn: SearchSettings: "get: No settings file exists, new profile?" (new NotFoundError("Could not open the file at C:\\Users\\\u5BF9\u4E8C\u6C2F\u82EF\\AppData\\Local\\Temp\\rust_mozprofileI1YODg\\search.json.mozlz4", (void 0)))
DevTools listening on ws://localhost:49325/devtools/browser/0bb0fd71-7d14-436a-bfbd-bb8741043a5f
1648712956533	Marionette	INFO	Listening on port 49332
1648712957019	RemoteAgent	WARN	TLS certificate errors will be ignored for this session
1648712972531	Marionette	INFO	Stopped listening on port 49332
console.warn: TopSitesFeed: Failed to fetch data from Contile server: NetworkError when attempting to fetch resource.
1648713253101	geckodriver	INFO	Listening on 127.0.0.1:49386
1648713256248	mozrunner::runner	INFO	Running command: "D:\\Program Files (x86)\\Mozilla Firefox\\firefox.exe" "--marionette" "--remote-debugging-port" "49387" "-no-remote" "-profile" "C:\\Users\\对二氯苯\\AppData\\Local\\Temp\\rust_mozprofileLR8ZYt"
1648713256552	Marionette	INFO	Marionette enabled
console.warn: SearchSettings: "get: No settings file exists, new profile?" (new NotFoundError("Could not open the file at C:\\Users\\\u5BF9\u4E8C\u6C2F\u82EF\\AppData\\Local\\Temp\\rust_mozprofileLR8ZYt\\search.json.mozlz4", (void 0)))
DevTools listening on ws://localhost:49387/devtools/browser/1cbcd40a-e772-435f-8edc-819676df5ce0
1648713258657	Marionette	INFO	Listening on port 49393
1648713258979	RemoteAgent	WARN	TLS certificate errors will be ignored for this session
console.error: Region.jsm: "Error fetching region" (new Error("TIMEOUT", "resource://gre/modules/Region.jsm", 772))
console.error: Region.jsm: "Failed to fetch region" (new Error("TIMEOUT", "resource://gre/modules/Region.jsm", 419))
1648713285978	Marionette	INFO	Stopped listening on port 49393
console.warn: TopSitesFeed: Failed to fetch data from Contile server: NetworkError when attempting to fetch resource.
1648713297444	geckodriver	INFO	Listening on 127.0.0.1:49431
1648713300574	mozrunner::runner	INFO	Running command: "D:\\Program Files (x86)\\Mozilla Firefox\\firefox.exe" "--marionette" "--remote-debugging-port" "49432" "-no-remote" "-profile" "C:\\Users\\对二氯苯\\AppData\\Local\\Temp\\rust_mozprofileYNwJE1"
1648713300864	Marionette	INFO	Marionette enabled
console.warn: SearchSettings: "get: No settings file exists, new profile?" (new NotFoundError("Could not open the file at C:\\Users\\\u5BF9\u4E8C\u6C2F\u82EF\\AppData\\Local\\Temp\\rust_mozprofileYNwJE1\\search.json.mozlz4", (void 0)))
DevTools listening on ws://localhost:49432/devtools/browser/c989582c-4c6a-4bae-9818-cdf8ae18f331
1648713302738	Marionette	INFO	Listening on port 49437
1648713303259	RemoteAgent	WARN	TLS certificate errors will be ignored for this session
console.error: Region.jsm: "Error fetching region" (new Error("TIMEOUT", "resource://gre/modules/Region.jsm", 772))
console.error: Region.jsm: "Failed to fetch region" (new Error("TIMEOUT", "resource://gre/modules/Region.jsm", 419))
console.warn: TopSitesFeed: Failed to fetch data from Contile server: NetworkError when attempting to fetch resource.
1648713325182	Marionette	INFO	Stopped listening on port 49437
console.warn: TopSitesFeed: Failed to fetch data from Contile server: NetworkError when attempting to fetch resource.

###!!! [Parent][PGPUParent] Error: RunMessage(msgname=PGPU::Msg_ShutdownVR) Channel closing: too late to send/recv, messages will be lost

1648713344826	geckodriver	INFO	Listening on 127.0.0.1:49474
1648713347892	mozrunner::runner	INFO	Running command: "D:\\Program Files (x86)\\Mozilla Firefox\\firefox.exe" "--marionette" "--remote-debugging-port" "49475" "-no-remote" "-profile" "C:\\Users\\对二氯苯\\AppData\\Local\\Temp\\rust_mozprofile3EK1El"
1648713348191	Marionette	INFO	Marionette enabled
console.warn: SearchSettings: "get: No settings file exists, new profile?" (new NotFoundError("Could not open the file at C:\\Users\\\u5BF9\u4E8C\u6C2F\u82EF\\AppData\\Local\\Temp\\rust_mozprofile3EK1El\\search.json.mozlz4", (void 0)))
DevTools listening on ws://localhost:49475/devtools/browser/2502bf14-21ce-4204-9bbd-046796c1b98f
1648713350219	Marionette	INFO	Listening on port 49480
1648713350573	RemoteAgent	WARN	TLS certificate errors will be ignored for this session
console.error: Region.jsm: "Error fetching region" (new Error("TIMEOUT", "resource://gre/modules/Region.jsm", 772))
console.error: Region.jsm: "Failed to fetch region" (new Error("TIMEOUT", "resource://gre/modules/Region.jsm", 419))
1648713406677	Marionette	INFO	Stopped listening on port 49480
console.warn: TopSitesFeed: Failed to fetch data from Contile server: NetworkError when attempting to fetch resource.
1648713434319	geckodriver	INFO	Listening on 127.0.0.1:49524
1648713437465	mozrunner::runner	INFO	Running command: "D:\\Program Files (x86)\\Mozilla Firefox\\firefox.exe" "--marionette" "--remote-debugging-port" "49525" "-no-remote" "-profile" "C:\\Users\\对二氯苯\\AppData\\Local\\Temp\\rust_mozprofiletXBHX6"
1648713437740	Marionette	INFO	Marionette enabled
console.warn: SearchSettings: "get: No settings file exists, new profile?" (new NotFoundError("Could not open the file at C:\\Users\\\u5BF9\u4E8C\u6C2F\u82EF\\AppData\\Local\\Temp\\rust_mozprofiletXBHX6\\search.json.mozlz4", (void 0)))
DevTools listening on ws://localhost:49525/devtools/browser/fac19bc5-7bf3-477b-8ffc-4804dee6a815
1648713439666	Marionette	INFO	Listening on port 49530
1648713440159	RemoteAgent	WARN	TLS certificate errors will be ignored for this session
1648713445761	Marionette	INFO	Stopped listening on port 49530
console.warn: TopSitesFeed: Failed to fetch data from Contile server: NetworkError when attempting to fetch resource.

###!!! [Parent][PGPUParent] Error: RunMessage(msgname=PGPU::Msg_ShutdownVR) Channel closing: too late to send/recv, messages will be lost

1648713480816	geckodriver	INFO	Listening on 127.0.0.1:49571
1648713483964	mozrunner::runner	INFO	Running command: "D:\\Program Files (x86)\\Mozilla Firefox\\firefox.exe" "--marionette" "--remote-debugging-port" "49572" "-no-remote" "-profile" "C:\\Users\\对二氯苯\\AppData\\Local\\Temp\\rust_mozprofileYkPq6k"
1648713484264	Marionette	INFO	Marionette enabled
console.warn: SearchSettings: "get: No settings file exists, new profile?" (new NotFoundError("Could not open the file at C:\\Users\\\u5BF9\u4E8C\u6C2F\u82EF\\AppData\\Local\\Temp\\rust_mozprofileYkPq6k\\search.json.mozlz4", (void 0)))
DevTools listening on ws://localhost:49572/devtools/browser/30a8c411-c2ce-43ce-83cc-b8fe2089d0d6
1648713486369	Marionette	INFO	Listening on port 49579
1648713486652	RemoteAgent	WARN	TLS certificate errors will be ignored for this session
1648713526437	Marionette	INFO	Stopped listening on port 49579
console.warn: TopSitesFeed: Failed to fetch data from Contile server: NetworkError when attempting to fetch resource.
1648713550722	geckodriver	INFO	Listening on 127.0.0.1:49636
1648713553802	mozrunner::runner	INFO	Running command: "D:\\Program Files (x86)\\Mozilla Firefox\\firefox.exe" "--marionette" "--remote-debugging-port" "49637" "-no-remote" "-profile" "C:\\Users\\对二氯苯\\AppData\\Local\\Temp\\rust_mozprofileg5FVXs"
1648713554090	Marionette	INFO	Marionette enabled
console.warn: SearchSettings: "get: No settings file exists, new profile?" (new NotFoundError("Could not open the file at C:\\Users\\\u5BF9\u4E8C\u6C2F\u82EF\\AppData\\Local\\Temp\\rust_mozprofileg5FVXs\\search.json.mozlz4", (void 0)))
DevTools listening on ws://localhost:49637/devtools/browser/9204c3ff-e032-4298-8a4a-3431411b793f
1648713556097	Marionette	INFO	Listening on port 49645
1648713556549	RemoteAgent	WARN	TLS certificate errors will be ignored for this session
1648713574501	Marionette	INFO	Stopped listening on port 49645
console.warn: TopSitesFeed: Failed to fetch data from Contile server: NetworkError when attempting to fetch resource.
1648714036603	geckodriver	INFO	Listening on 127.0.0.1:49722
1648714039750	mozrunner::runner	INFO	Running command: "D:\\Program Files (x86)\\Mozilla Firefox\\firefox.exe" "--marionette" "--remote-debugging-port" "49723" "-no-remote" "-profile" "C:\\Users\\对二氯苯\\AppData\\Local\\Temp\\rust_mozprofileAMW40l"
1648714040042	Marionette	INFO	Marionette enabled
console.warn: SearchSettings: "get: No settings file exists, new profile?" (new NotFoundError("Could not open the file at C:\\Users\\\u5BF9\u4E8C\u6C2F\u82EF\\AppData\\Local\\Temp\\rust_mozprofileAMW40l\\search.json.mozlz4", (void 0)))
DevTools listening on ws://localhost:49723/devtools/browser/ab74e00d-fc20-4cf3-bb6f-f675b5da26a9
1648714042056	Marionette	INFO	Listening on port 49728
1648714042431	RemoteAgent	WARN	TLS certificate errors will be ignored for this session
1648714058993	Marionette	INFO	Stopped listening on port 49728
console.warn: TopSitesFeed: Failed to fetch data from Contile server: NetworkError when attempting to fetch resource.

###!!! [Parent][PGPUParent] Error: RunMessage(msgname=PGPU::Msg_ShutdownVR) Channel closing: too late to send/recv, messages will be lost

1648714233419	geckodriver	INFO	Listening on 127.0.0.1:49792
1648714236583	mozrunner::runner	INFO	Running command: "D:\\Program Files (x86)\\Mozilla Firefox\\firefox.exe" "--marionette" "--remote-debugging-port" "49793" "-no-remote" "-profile" "C:\\Users\\对二氯苯\\AppData\\Local\\Temp\\rust_mozprofilekAZmfj"
1648714236875	Marionette	INFO	Marionette enabled
console.warn: SearchSettings: "get: No settings file exists, new profile?" (new NotFoundError("Could not open the file at C:\\Users\\\u5BF9\u4E8C\u6C2F\u82EF\\AppData\\Local\\Temp\\rust_mozprofilekAZmfj\\search.json.mozlz4", (void 0)))
DevTools listening on ws://localhost:49793/devtools/browser/e1bee847-9156-4617-ac75-c8f92680720f
1648714238843	Marionette	INFO	Listening on port 49800
1648714239294	RemoteAgent	WARN	TLS certificate errors will be ignored for this session
console.error: Region.jsm: "Error fetching region" (new Error("TIMEOUT", "resource://gre/modules/Region.jsm", 772))
console.error: Region.jsm: "Failed to fetch region" (new Error("TIMEOUT", "resource://gre/modules/Region.jsm", 419))
1648714267836	Marionette	INFO	Stopped listening on port 49800
1648714504945	geckodriver	INFO	Listening on 127.0.0.1:53602
1648714508093	mozrunner::runner	INFO	Running command: "D:\\Program Files (x86)\\Mozilla Firefox\\firefox.exe" "--marionette" "--remote-debugging-port" "53603" "-no-remote" "-profile" "C:\\Users\\对二氯苯\\AppData\\Local\\Temp\\rust_mozprofilexSYqE3"
1648714508383	Marionette	INFO	Marionette enabled
console.warn: SearchSettings: "get: No settings file exists, new profile?" (new NotFoundError("Could not open the file at C:\\Users\\\u5BF9\u4E8C\u6C2F\u82EF\\AppData\\Local\\Temp\\rust_mozprofilexSYqE3\\search.json.mozlz4", (void 0)))
DevTools listening on ws://localhost:53603/devtools/browser/9248a460-80c3-4e54-a6a4-43023167da19
1648714510361	Marionette	INFO	Listening on port 53608
1648714510763	RemoteAgent	WARN	TLS certificate errors will be ignored for this session
1648714524132	Marionette	INFO	Stopped listening on port 53608
console.warn: TopSitesFeed: Failed to fetch data from Contile server: NetworkError when attempting to fetch resource.
!!! error running onStopped callback: TypeError: callback is not a function
1648714526736	geckodriver	INFO	Listening on 127.0.0.1:53650
1648714529834	mozrunner::runner	INFO	Running command: "D:\\Program Files (x86)\\Mozilla Firefox\\firefox.exe" "--marionette" "--remote-debugging-port" "53651" "-no-remote" "-profile" "C:\\Users\\对二氯苯\\AppData\\Local\\Temp\\rust_mozprofileJq337p"
1648714530124	Marionette	INFO	Marionette enabled
console.warn: SearchSettings: "get: No settings file exists, new profile?" (new NotFoundError("Could not open the file at C:\\Users\\\u5BF9\u4E8C\u6C2F\u82EF\\AppData\\Local\\Temp\\rust_mozprofileJq337p\\search.json.mozlz4", (void 0)))
DevTools listening on ws://localhost:53651/devtools/browser/16375e69-3a65-49a4-b249-4514f1e5a007
1648714531970	Marionette	INFO	Listening on port 53656
1648714532013	RemoteAgent	WARN	TLS certificate errors will be ignored for this session
1648714554511	Marionette	INFO	Stopped listening on port 53656
console.warn: TopSitesFeed: Failed to fetch data from Contile server: NetworkError when attempting to fetch resource.
!!! error running onStopped callback: TypeError: callback is not a function
1648714680469	geckodriver	INFO	Listening on 127.0.0.1:53702
1648714683626	mozrunner::runner	INFO	Running command: "D:\\Program Files (x86)\\Mozilla Firefox\\firefox.exe" "--marionette" "--remote-debugging-port" "53703" "-no-remote" "-profile" "C:\\Users\\对二氯苯\\AppData\\Local\\Temp\\rust_mozprofilemTaeMV"
1648714683927	Marionette	INFO	Marionette enabled
console.warn: SearchSettings: "get: No settings file exists, new profile?" (new NotFoundError("Could not open the file at C:\\Users\\\u5BF9\u4E8C\u6C2F\u82EF\\AppData\\Local\\Temp\\rust_mozprofilemTaeMV\\search.json.mozlz4", (void 0)))
DevTools listening on ws://localhost:53703/devtools/browser/7e028d6c-57c1-4a22-878f-72b0fb53e770
1648714685741	Marionette	INFO	Listening on port 53708
1648714685842	RemoteAgent	WARN	TLS certificate errors will be ignored for this session
1648714711961	Marionette	INFO	Stopped listening on port 53708
console.warn: TopSitesFeed: Failed to fetch data from Contile server: NetworkError when attempting to fetch resource.
!!! error running onStopped callback: TypeError: callback is not a function

###!!! [Parent][PGPUParent] Error: RunMessage(msgname=PGPU::Msg_ShutdownVR) Channel closing: too late to send/recv, messages will be lost

1648714730321	geckodriver	INFO	Listening on 127.0.0.1:53757
1648714733470	mozrunner::runner	INFO	Running command: "D:\\Program Files (x86)\\Mozilla Firefox\\firefox.exe" "--marionette" "--remote-debugging-port" "53758" "-no-remote" "-profile" "C:\\Users\\对二氯苯\\AppData\\Local\\Temp\\rust_mozprofilem70NeT"
1648714733745	Marionette	INFO	Marionette enabled
console.warn: SearchSettings: "get: No settings file exists, new profile?" (new NotFoundError("Could not open the file at C:\\Users\\\u5BF9\u4E8C\u6C2F\u82EF\\AppData\\Local\\Temp\\rust_mozprofilem70NeT\\search.json.mozlz4", (void 0)))
DevTools listening on ws://localhost:53758/devtools/browser/1fcc1bf7-b6c9-4538-8e85-b4041affadd2
1648714735817	Marionette	INFO	Listening on port 53763
1648714736204	RemoteAgent	WARN	TLS certificate errors will be ignored for this session
1648714744945	Marionette	INFO	Stopped listening on port 53763
console.warn: TopSitesFeed: Failed to fetch data from Contile server: NetworkError when attempting to fetch resource.

###!!! [Parent][PGPUParent] Error: RunMessage(msgname=PGPU::Msg_ShutdownVR) Channel closing: too late to send/recv, messages will be lost

1648714766107	geckodriver	INFO	Listening on 127.0.0.1:53813
1648714769248	mozrunner::runner	INFO	Running command: "D:\\Program Files (x86)\\Mozilla Firefox\\firefox.exe" "--marionette" "--remote-debugging-port" "53814" "-no-remote" "-profile" "C:\\Users\\对二氯苯\\AppData\\Local\\Temp\\rust_mozprofileI57Uzi"
1648714769533	Marionette	INFO	Marionette enabled
console.warn: SearchSettings: "get: No settings file exists, new profile?" (new NotFoundError("Could not open the file at C:\\Users\\\u5BF9\u4E8C\u6C2F\u82EF\\AppData\\Local\\Temp\\rust_mozprofileI57Uzi\\search.json.mozlz4", (void 0)))
DevTools listening on ws://localhost:53814/devtools/browser/c254040e-33e4-4e81-ae37-4d33a464b7c5
1648714771410	Marionette	INFO	Listening on port 53819
1648714771443	RemoteAgent	WARN	TLS certificate errors will be ignored for this session
JavaScript error: resource://gre/actors/AutoCompleteChild.jsm, line 125: Error: Invalid autocomplete selectedIndex
1648714775535	Marionette	INFO	Stopped listening on port 53819
console.error: services.settings: 
  main/query-stripping Signature failed  TypeError: NetworkError: Network request failed
console.warn: TopSitesFeed: Failed to fetch data from Contile server: NetworkError when attempting to fetch resource.

###!!! [Parent][PGPUParent] Error: RunMessage(msgname=PGPU::Msg_ShutdownVR) Channel closing: too late to send/recv, messages will be lost

1648714810650	geckodriver	INFO	Listening on 127.0.0.1:53854
1648714813792	mozrunner::runner	INFO	Running command: "D:\\Program Files (x86)\\Mozilla Firefox\\firefox.exe" "--marionette" "--remote-debugging-port" "53855" "-no-remote" "-profile" "C:\\Users\\对二氯苯\\AppData\\Local\\Temp\\rust_mozprofileVuUiI3"
1648714814110	Marionette	INFO	Marionette enabled
console.warn: SearchSettings: "get: No settings file exists, new profile?" (new NotFoundError("Could not open the file at C:\\Users\\\u5BF9\u4E8C\u6C2F\u82EF\\AppData\\Local\\Temp\\rust_mozprofileVuUiI3\\search.json.mozlz4", (void 0)))
DevTools listening on ws://localhost:53855/devtools/browser/c4f87a10-d5ae-46b4-9101-679dee8fd7ec
1648714816056	Marionette	INFO	Listening on port 53860
1648714816509	RemoteAgent	WARN	TLS certificate errors will be ignored for this session
JavaScript error: resource://gre/actors/AutoCompleteChild.jsm, line 125: Error: Invalid autocomplete selectedIndex
1648714829455	Marionette	INFO	Stopped listening on port 53860
console.warn: TopSitesFeed: Failed to fetch data from Contile server: NetworkError when attempting to fetch resource.
!!! error running onStopped callback: TypeError: callback is not a function

###!!! [Parent][PGPUParent] Error: RunMessage(msgname=PGPU::Msg_ShutdownVR) Channel closing: too late to send/recv, messages will be lost

1649378117789	geckodriver	INFO	Listening on 127.0.0.1:49390
1649378120877	mozrunner::runner	INFO	Running command: "D:\\Program Files (x86)\\Mozilla Firefox\\firefox.exe" "--marionette" "--remote-debugging-port" "49391" "-no-remote" "-profile" "C:\\Users\\对二氯苯\\AppData\\Local\\Temp\\rust_mozprofileph3bO3"
1649378121646	Marionette	INFO	Marionette enabled
console.warn: SearchSettings: "get: No settings file exists, new profile?" (new NotFoundError("Could not open the file at C:\\Users\\\u5BF9\u4E8C\u6C2F\u82EF\\AppData\\Local\\Temp\\rust_mozprofileph3bO3\\search.json.mozlz4", (void 0)))
DevTools listening on ws://localhost:49391/devtools/browser/d198776f-418a-4ce1-899f-d684d358150e
1649378124197	Marionette	INFO	Listening on port 49397
1649378124596	RemoteAgent	WARN	TLS certificate errors will be ignored for this session
JavaScript error: resource://gre/actors/AutoCompleteChild.jsm, line 125: Error: Invalid autocomplete selectedIndex
JavaScript error: resource://gre/actors/AutoCompleteChild.jsm, line 125: Error: Invalid autocomplete selectedIndex
JavaScript error: resource://gre/modules/LoginManagerChild.jsm, line 194: NS_ERROR_XPC_JAVASCRIPT_ERROR_WITH_DETAILS: [JavaScript Error: "Invalid autocomplete selectedIndex" {file: "resource://gre/actors/AutoCompleteChild.jsm" line: 125}]'[JavaScript Error: "Invalid autocomplete selectedIndex" {file: "resource://gre/actors/AutoCompleteChild.jsm" line: 125}]' when calling method: [nsIAutoCompletePopup::selectedIndex]
console.warn: LoginRecipes: "getRecipes: falling back to a synchronous message for:" "http://127.0.0.1:8000"
1649378139964	Marionette	INFO	Stopped listening on port 49397
console.warn: TopSitesFeed: Failed to fetch data from Contile server: NetworkError when attempting to fetch resource.
1649378259464	geckodriver	INFO	Listening on 127.0.0.1:49484
1649378262530	mozrunner::runner	INFO	Running command: "D:\\Program Files (x86)\\Mozilla Firefox\\firefox.exe" "--marionette" "--remote-debugging-port" "49485" "-no-remote" "-profile" "C:\\Users\\对二氯苯\\AppData\\Local\\Temp\\rust_mozprofilexWefRb"
1649378262804	Marionette	INFO	Marionette enabled
console.warn: SearchSettings: "get: No settings file exists, new profile?" (new NotFoundError("Could not open the file at C:\\Users\\\u5BF9\u4E8C\u6C2F\u82EF\\AppData\\Local\\Temp\\rust_mozprofilexWefRb\\search.json.mozlz4", (void 0)))
DevTools listening on ws://localhost:49485/devtools/browser/cb26fa0f-8ef2-40bf-b177-6bfe693f74fa
1649378264316	Marionette	INFO	Listening on port 49490
1649378264608	RemoteAgent	WARN	TLS certificate errors will be ignored for this session
JavaScript error: resource://gre/actors/AutoCompleteChild.jsm, line 125: Error: Invalid autocomplete selectedIndex
JavaScript error: resource://gre/actors/AutoCompleteChild.jsm, line 125: Error: Invalid autocomplete selectedIndex
JavaScript error: resource://gre/modules/LoginManagerChild.jsm, line 194: NS_ERROR_XPC_JAVASCRIPT_ERROR_WITH_DETAILS: [JavaScript Error: "Invalid autocomplete selectedIndex" {file: "resource://gre/actors/AutoCompleteChild.jsm" line: 125}]'[JavaScript Error: "Invalid autocomplete selectedIndex" {file: "resource://gre/actors/AutoCompleteChild.jsm" line: 125}]' when calling method: [nsIAutoCompletePopup::selectedIndex]
console.warn: LoginRecipes: "getRecipes: falling back to a synchronous message for:" "http://127.0.0.1:8000"
1649378295288	Marionette	INFO	Stopped listening on port 49490
console.warn: TopSitesFeed: Failed to fetch data from Contile server: NetworkError when attempting to fetch resource.
1649378303374	geckodriver	INFO	Listening on 127.0.0.1:50322
1649378306427	mozrunner::runner	INFO	Running command: "D:\\Program Files (x86)\\Mozilla Firefox\\firefox.exe" "--marionette" "--remote-debugging-port" "50323" "-no-remote" "-profile" "C:\\Users\\对二氯苯\\AppData\\Local\\Temp\\rust_mozprofileTLYtvF"
1649378306811	Marionette	INFO	Marionette enabled
console.warn: SearchSettings: "get: No settings file exists, new profile?" (new NotFoundError("Could not open the file at C:\\Users\\\u5BF9\u4E8C\u6C2F\u82EF\\AppData\\Local\\Temp\\rust_mozprofileTLYtvF\\search.json.mozlz4", (void 0)))
DevTools listening on ws://localhost:50323/devtools/browser/3802d1d4-4af5-4a57-a93b-5b79d793caa3
1649378309126	Marionette	INFO	Listening on port 50329
1649378309641	RemoteAgent	WARN	TLS certificate errors will be ignored for this session
JavaScript error: resource://gre/actors/AutoCompleteChild.jsm, line 125: Error: Invalid autocomplete selectedIndex
JavaScript error: resource://gre/actors/AutoCompleteChild.jsm, line 125: Error: Invalid autocomplete selectedIndex
JavaScript error: resource://gre/modules/LoginManagerChild.jsm, line 194: NS_ERROR_XPC_JAVASCRIPT_ERROR_WITH_DETAILS: [JavaScript Error: "Invalid autocomplete selectedIndex" {file: "resource://gre/actors/AutoCompleteChild.jsm" line: 125}]'[JavaScript Error: "Invalid autocomplete selectedIndex" {file: "resource://gre/actors/AutoCompleteChild.jsm" line: 125}]' when calling method: [nsIAutoCompletePopup::selectedIndex]
console.warn: LoginRecipes: "getRecipes: falling back to a synchronous message for:" "http://127.0.0.1:8000"
1649378315676	Marionette	INFO	Stopped listening on port 50329
console.warn: TopSitesFeed: Failed to fetch data from Contile server: NetworkError when attempting to fetch resource.
JavaScript error: chrome://remote/content/marionette/cert.js, line 55: NS_ERROR_NOT_AVAILABLE: Component returned failure code: 0x80040111 (NS_ERROR_NOT_AVAILABLE) [nsICertOverrideService.setDisableAllSecurityChecksAndLetAttackersInterceptMyData]
1649378369882	geckodriver	INFO	Listening on 127.0.0.1:50382
1649378372949	mozrunner::runner	INFO	Running command: "D:\\Program Files (x86)\\Mozilla Firefox\\firefox.exe" "--marionette" "--remote-debugging-port" "50383" "-no-remote" "-profile" "C:\\Users\\对二氯苯\\AppData\\Local\\Temp\\rust_mozprofileuyk3sL"
1649378373186	Marionette	INFO	Marionette enabled
console.warn: SearchSettings: "get: No settings file exists, new profile?" (new NotFoundError("Could not open the file at C:\\Users\\\u5BF9\u4E8C\u6C2F\u82EF\\AppData\\Local\\Temp\\rust_mozprofileuyk3sL\\search.json.mozlz4", (void 0)))
DevTools listening on ws://localhost:50383/devtools/browser/caa401f0-abd9-4d8c-b63a-ad660a0858c5
1649378374800	Marionette	INFO	Listening on port 50388
1649378375020	RemoteAgent	WARN	TLS certificate errors will be ignored for this session
JavaScript error: resource://gre/actors/AutoCompleteChild.jsm, line 125: Error: Invalid autocomplete selectedIndex
JavaScript error: resource://gre/actors/AutoCompleteChild.jsm, line 125: Error: Invalid autocomplete selectedIndex
JavaScript error: resource://gre/modules/LoginManagerChild.jsm, line 194: NS_ERROR_XPC_JAVASCRIPT_ERROR_WITH_DETAILS: [JavaScript Error: "Invalid autocomplete selectedIndex" {file: "resource://gre/actors/AutoCompleteChild.jsm" line: 125}]'[JavaScript Error: "Invalid autocomplete selectedIndex" {file: "resource://gre/actors/AutoCompleteChild.jsm" line: 125}]' when calling method: [nsIAutoCompletePopup::selectedIndex]
console.warn: LoginRecipes: "getRecipes: falling back to a synchronous message for:" "http://127.0.0.1:8000"
console.warn: LoginRecipes: "getRecipes: falling back to a synchronous message for:" "http://127.0.0.1:8000"
1649378383365	Marionette	INFO	Stopped listening on port 50388
console.warn: TopSitesFeed: Failed to fetch data from Contile server: NetworkError when attempting to fetch resource.
JavaScript error: chrome://remote/content/marionette/cert.js, line 55: NS_ERROR_NOT_AVAILABLE: Component returned failure code: 0x80040111 (NS_ERROR_NOT_AVAILABLE) [nsICertOverrideService.setDisableAllSecurityChecksAndLetAttackersInterceptMyData]
1649378621689	geckodriver	INFO	Listening on 127.0.0.1:50494
1649378624758	mozrunner::runner	INFO	Running command: "D:\\Program Files (x86)\\Mozilla Firefox\\firefox.exe" "--marionette" "--remote-debugging-port" "50495" "-no-remote" "-profile" "C:\\Users\\对二氯苯\\AppData\\Local\\Temp\\rust_mozprofiled6Renh"
1649378624989	Marionette	INFO	Marionette enabled
console.warn: SearchSettings: "get: No settings file exists, new profile?" (new NotFoundError("Could not open the file at C:\\Users\\\u5BF9\u4E8C\u6C2F\u82EF\\AppData\\Local\\Temp\\rust_mozprofiled6Renh\\search.json.mozlz4", (void 0)))
DevTools listening on ws://localhost:50495/devtools/browser/c0b9f8be-4fbb-423b-b41e-116cfe85790f
1649378626615	Marionette	INFO	Listening on port 50503
1649378626806	RemoteAgent	WARN	TLS certificate errors will be ignored for this session
JavaScript error: resource://gre/actors/AutoCompleteChild.jsm, line 125: Error: Invalid autocomplete selectedIndex
JavaScript error: resource://gre/actors/AutoCompleteChild.jsm, line 125: Error: Invalid autocomplete selectedIndex
JavaScript error: resource://gre/modules/LoginManagerChild.jsm, line 194: NS_ERROR_XPC_JAVASCRIPT_ERROR_WITH_DETAILS: [JavaScript Error: "Invalid autocomplete selectedIndex" {file: "resource://gre/actors/AutoCompleteChild.jsm" line: 125}]'[JavaScript Error: "Invalid autocomplete selectedIndex" {file: "resource://gre/actors/AutoCompleteChild.jsm" line: 125}]' when calling method: [nsIAutoCompletePopup::selectedIndex]
console.warn: LoginRecipes: "getRecipes: falling back to a synchronous message for:" "http://127.0.0.1:8000"
console.warn: LoginRecipes: "getRecipes: falling back to a synchronous message for:" "http://127.0.0.1:8000"
1649378643218	Marionette	INFO	Stopped listening on port 50503
console.warn: TopSitesFeed: Failed to fetch data from Contile server: NetworkError when attempting to fetch resource.

###!!! [Parent][PGPUParent] Error: RunMessage(msgname=PGPU::Msg_ShutdownVR) Channel closing: too late to send/recv, messages will be lost

1649378706017	geckodriver	INFO	Listening on 127.0.0.1:55174
1649378709084	mozrunner::runner	INFO	Running command: "D:\\Program Files (x86)\\Mozilla Firefox\\firefox.exe" "--marionette" "--remote-debugging-port" "55175" "-no-remote" "-profile" "C:\\Users\\对二氯苯\\AppData\\Local\\Temp\\rust_mozprofilev6CHoi"
1649378709329	Marionette	INFO	Marionette enabled
console.warn: SearchSettings: "get: No settings file exists, new profile?" (new NotFoundError("Could not open the file at C:\\Users\\\u5BF9\u4E8C\u6C2F\u82EF\\AppData\\Local\\Temp\\rust_mozprofilev6CHoi\\search.json.mozlz4", (void 0)))
DevTools listening on ws://localhost:55175/devtools/browser/ed0b084b-df8e-4c92-b82f-bb3057737c44
1649378710857	Marionette	INFO	Listening on port 55190
1649378711141	RemoteAgent	WARN	TLS certificate errors will be ignored for this session
JavaScript error: resource://gre/actors/AutoCompleteChild.jsm, line 125: Error: Invalid autocomplete selectedIndex
JavaScript error: resource://gre/actors/AutoCompleteChild.jsm, line 125: Error: Invalid autocomplete selectedIndex
JavaScript error: resource://gre/modules/LoginManagerChild.jsm, line 194: NS_ERROR_XPC_JAVASCRIPT_ERROR_WITH_DETAILS: [JavaScript Error: "Invalid autocomplete selectedIndex" {file: "resource://gre/actors/AutoCompleteChild.jsm" line: 125}]'[JavaScript Error: "Invalid autocomplete selectedIndex" {file: "resource://gre/actors/AutoCompleteChild.jsm" line: 125}]' when calling method: [nsIAutoCompletePopup::selectedIndex]
console.warn: LoginRecipes: "getRecipes: falling back to a synchronous message for:" "http://127.0.0.1:8000"
1649378725559	Marionette	INFO	Stopped listening on port 55190
console.warn: TopSitesFeed: Failed to fetch data from Contile server: NetworkError when attempting to fetch resource.

###!!! [Parent][PGPUParent] Error: RunMessage(msgname=PGPU::Msg_ShutdownVR) Channel closing: too late to send/recv, messages will be lost

1649378783526	geckodriver	INFO	Listening on 127.0.0.1:55252
1649378786586	mozrunner::runner	INFO	Running command: "D:\\Program Files (x86)\\Mozilla Firefox\\firefox.exe" "--marionette" "--remote-debugging-port" "55253" "-no-remote" "-profile" "C:\\Users\\对二氯苯\\AppData\\Local\\Temp\\rust_mozprofileetskR2"
1649378786815	Marionette	INFO	Marionette enabled
console.warn: SearchSettings: "get: No settings file exists, new profile?" (new NotFoundError("Could not open the file at C:\\Users\\\u5BF9\u4E8C\u6C2F\u82EF\\AppData\\Local\\Temp\\rust_mozprofileetskR2\\search.json.mozlz4", (void 0)))
DevTools listening on ws://localhost:55253/devtools/browser/3ab439f0-b9ec-493b-950f-c444eed895e0
1649378788347	Marionette	INFO	Listening on port 55258
1649378788631	RemoteAgent	WARN	TLS certificate errors will be ignored for this session
JavaScript error: resource://gre/actors/AutoCompleteChild.jsm, line 125: Error: Invalid autocomplete selectedIndex
JavaScript error: resource://gre/actors/AutoCompleteChild.jsm, line 125: Error: Invalid autocomplete selectedIndex
JavaScript error: resource://gre/modules/LoginManagerChild.jsm, line 194: NS_ERROR_XPC_JAVASCRIPT_ERROR_WITH_DETAILS: [JavaScript Error: "Invalid autocomplete selectedIndex" {file: "resource://gre/actors/AutoCompleteChild.jsm" line: 125}]'[JavaScript Error: "Invalid autocomplete selectedIndex" {file: "resource://gre/actors/AutoCompleteChild.jsm" line: 125}]' when calling method: [nsIAutoCompletePopup::selectedIndex]
console.warn: LoginRecipes: "getRecipes: falling back to a synchronous message for:" "http://127.0.0.1:8000"
1649378793353	Marionette	INFO	Stopped listening on port 55258
console.warn: TopSitesFeed: Failed to fetch data from Contile server: NetworkError when attempting to fetch resource.
1649378826710	geckodriver	INFO	Listening on 127.0.0.1:55307
1649378829793	mozrunner::runner	INFO	Running command: "D:\\Program Files (x86)\\Mozilla Firefox\\firefox.exe" "--marionette" "--remote-debugging-port" "55308" "-no-remote" "-profile" "C:\\Users\\对二氯苯\\AppData\\Local\\Temp\\rust_mozprofiledRu38h"
1649378830030	Marionette	INFO	Marionette enabled
console.warn: SearchSettings: "get: No settings file exists, new profile?" (new NotFoundError("Could not open the file at C:\\Users\\\u5BF9\u4E8C\u6C2F\u82EF\\AppData\\Local\\Temp\\rust_mozprofiledRu38h\\search.json.mozlz4", (void 0)))
DevTools listening on ws://localhost:55308/devtools/browser/6c70e013-39e3-4e8a-8152-233d297324bd
1649378831553	Marionette	INFO	Listening on port 55314
1649378831845	RemoteAgent	WARN	TLS certificate errors will be ignored for this session
JavaScript error: resource://gre/actors/AutoCompleteChild.jsm, line 125: Error: Invalid autocomplete selectedIndex
JavaScript error: resource://gre/actors/AutoCompleteChild.jsm, line 125: Error: Invalid autocomplete selectedIndex
JavaScript error: resource://gre/modules/LoginManagerChild.jsm, line 194: NS_ERROR_XPC_JAVASCRIPT_ERROR_WITH_DETAILS: [JavaScript Error: "Invalid autocomplete selectedIndex" {file: "resource://gre/actors/AutoCompleteChild.jsm" line: 125}]'[JavaScript Error: "Invalid autocomplete selectedIndex" {file: "resource://gre/actors/AutoCompleteChild.jsm" line: 125}]' when calling method: [nsIAutoCompletePopup::selectedIndex]
console.warn: LoginRecipes: "getRecipes: falling back to a synchronous message for:" "http://127.0.0.1:8000"
1649378838410	Marionette	INFO	Stopped listening on port 55314
console.warn: TopSitesFeed: Failed to fetch data from Contile server: NetworkError when attempting to fetch resource.
[Parent 12928, IPC I/O Parent] WARNING: file /builds/worker/checkouts/gecko/ipc/chromium/src/base/process_util_win.cc:167

###!!! [Parent][PGPUParent] Error: RunMessage(msgname=PGPU::Msg_ShutdownVR) Channel closing: too late to send/recv, messages will be lost

1649378865121	geckodriver	INFO	Listening on 127.0.0.1:64291
1649378868182	mozrunner::runner	INFO	Running command: "D:\\Program Files (x86)\\Mozilla Firefox\\firefox.exe" "--marionette" "--remote-debugging-port" "64292" "-no-remote" "-profile" "C:\\Users\\对二氯苯\\AppData\\Local\\Temp\\rust_mozprofilexwwubh"
1649378868455	Marionette	INFO	Marionette enabled
console.warn: SearchSettings: "get: No settings file exists, new profile?" (new NotFoundError("Could not open the file at C:\\Users\\\u5BF9\u4E8C\u6C2F\u82EF\\AppData\\Local\\Temp\\rust_mozprofilexwwubh\\search.json.mozlz4", (void 0)))
DevTools listening on ws://localhost:64292/devtools/browser/132aa886-ce19-4805-b2c6-c65d93bc4a1e
1649378870027	Marionette	INFO	Listening on port 64299
1649378870242	RemoteAgent	WARN	TLS certificate errors will be ignored for this session
JavaScript error: resource://gre/actors/AutoCompleteChild.jsm, line 125: Error: Invalid autocomplete selectedIndex
JavaScript error: resource://gre/actors/AutoCompleteChild.jsm, line 125: Error: Invalid autocomplete selectedIndex
JavaScript error: resource://gre/modules/LoginManagerChild.jsm, line 194: NS_ERROR_XPC_JAVASCRIPT_ERROR_WITH_DETAILS: [JavaScript Error: "Invalid autocomplete selectedIndex" {file: "resource://gre/actors/AutoCompleteChild.jsm" line: 125}]'[JavaScript Error: "Invalid autocomplete selectedIndex" {file: "resource://gre/actors/AutoCompleteChild.jsm" line: 125}]' when calling method: [nsIAutoCompletePopup::selectedIndex]
console.warn: LoginRecipes: "getRecipes: falling back to a synchronous message for:" "http://127.0.0.1:8000"
console.warn: LoginRecipes: "getRecipes: falling back to a synchronous message for:" "http://127.0.0.1:8000"
1649378887653	Marionette	INFO	Stopped listening on port 64299
console.warn: TopSitesFeed: Failed to fetch data from Contile server: NetworkError when attempting to fetch resource.
1649379055645	geckodriver	INFO	Listening on 127.0.0.1:64408
1649379058689	mozrunner::runner	INFO	Running command: "D:\\Program Files (x86)\\Mozilla Firefox\\firefox.exe" "--marionette" "--remote-debugging-port" "64409" "-no-remote" "-profile" "C:\\Users\\对二氯苯\\AppData\\Local\\Temp\\rust_mozprofileDegGgt"
1649379058945	Marionette	INFO	Marionette enabled
console.warn: SearchSettings: "get: No settings file exists, new profile?" (new NotFoundError("Could not open the file at C:\\Users\\\u5BF9\u4E8C\u6C2F\u82EF\\AppData\\Local\\Temp\\rust_mozprofileDegGgt\\search.json.mozlz4", (void 0)))
DevTools listening on ws://localhost:64409/devtools/browser/fdbec9f9-29d9-41cf-bd08-40cf67c8550d
1649379060453	Marionette	INFO	Listening on port 64417
1649379060760	RemoteAgent	WARN	TLS certificate errors will be ignored for this session
JavaScript error: resource://gre/actors/AutoCompleteChild.jsm, line 125: Error: Invalid autocomplete selectedIndex
JavaScript error: resource://gre/actors/AutoCompleteChild.jsm, line 125: Error: Invalid autocomplete selectedIndex
JavaScript error: resource://gre/modules/LoginManagerChild.jsm, line 194: NS_ERROR_XPC_JAVASCRIPT_ERROR_WITH_DETAILS: [JavaScript Error: "Invalid autocomplete selectedIndex" {file: "resource://gre/actors/AutoCompleteChild.jsm" line: 125}]'[JavaScript Error: "Invalid autocomplete selectedIndex" {file: "resource://gre/actors/AutoCompleteChild.jsm" line: 125}]' when calling method: [nsIAutoCompletePopup::selectedIndex]
console.warn: LoginRecipes: "getRecipes: falling back to a synchronous message for:" "http://127.0.0.1:8000"
1649379074637	Marionette	INFO	Stopped listening on port 64417
console.warn: TopSitesFeed: Failed to fetch data from Contile server: NetworkError when attempting to fetch resource.
1649379078194	geckodriver	INFO	Listening on 127.0.0.1:64462
1649379081268	mozrunner::runner	INFO	Running command: "D:\\Program Files (x86)\\Mozilla Firefox\\firefox.exe" "--marionette" "--remote-debugging-port" "64463" "-no-remote" "-profile" "C:\\Users\\对二氯苯\\AppData\\Local\\Temp\\rust_mozprofileaU6Q7P"
1649379081516	Marionette	INFO	Marionette enabled
console.warn: SearchSettings: "get: No settings file exists, new profile?" (new NotFoundError("Could not open the file at C:\\Users\\\u5BF9\u4E8C\u6C2F\u82EF\\AppData\\Local\\Temp\\rust_mozprofileaU6Q7P\\search.json.mozlz4", (void 0)))
DevTools listening on ws://localhost:64463/devtools/browser/cba0951f-a809-4964-b230-4a4561e62822
1649379083043	Marionette	INFO	Listening on port 64468
1649379083340	RemoteAgent	WARN	TLS certificate errors will be ignored for this session
JavaScript error: resource://gre/actors/AutoCompleteChild.jsm, line 125: Error: Invalid autocomplete selectedIndex
JavaScript error: resource://gre/actors/AutoCompleteChild.jsm, line 125: Error: Invalid autocomplete selectedIndex
JavaScript error: resource://gre/modules/LoginManagerChild.jsm, line 194: NS_ERROR_XPC_JAVASCRIPT_ERROR_WITH_DETAILS: [JavaScript Error: "Invalid autocomplete selectedIndex" {file: "resource://gre/actors/AutoCompleteChild.jsm" line: 125}]'[JavaScript Error: "Invalid autocomplete selectedIndex" {file: "resource://gre/actors/AutoCompleteChild.jsm" line: 125}]' when calling method: [nsIAutoCompletePopup::selectedIndex]
console.warn: LoginRecipes: "getRecipes: falling back to a synchronous message for:" "http://127.0.0.1:8000"
1649379085019	Marionette	INFO	Stopped listening on port 64468
console.warn: TopSitesFeed: Failed to fetch data from Contile server: NetworkError when attempting to fetch resource.

###!!! [Parent][PGPUParent] Error: RunMessage(msgname=PGPU::Msg_ShutdownVR) Channel closing: too late to send/recv, messages will be lost

1649379138875	geckodriver	INFO	Listening on 127.0.0.1:64505
1649379141952	mozrunner::runner	INFO	Running command: "D:\\Program Files (x86)\\Mozilla Firefox\\firefox.exe" "--marionette" "--remote-debugging-port" "64506" "-no-remote" "-profile" "C:\\Users\\对二氯苯\\AppData\\Local\\Temp\\rust_mozprofilexyAfeo"
1649379142188	Marionette	INFO	Marionette enabled
console.warn: SearchSettings: "get: No settings file exists, new profile?" (new NotFoundError("Could not open the file at C:\\Users\\\u5BF9\u4E8C\u6C2F\u82EF\\AppData\\Local\\Temp\\rust_mozprofilexyAfeo\\search.json.mozlz4", (void 0)))
DevTools listening on ws://localhost:64506/devtools/browser/596732f5-4849-4713-b30e-b41c6b4dff42
1649379143712	Marionette	INFO	Listening on port 64512
1649379144013	RemoteAgent	WARN	TLS certificate errors will be ignored for this session
JavaScript error: resource://gre/actors/AutoCompleteChild.jsm, line 125: Error: Invalid autocomplete selectedIndex
JavaScript error: resource://gre/actors/AutoCompleteChild.jsm, line 125: Error: Invalid autocomplete selectedIndex
JavaScript error: resource://gre/modules/LoginManagerChild.jsm, line 194: NS_ERROR_XPC_JAVASCRIPT_ERROR_WITH_DETAILS: [JavaScript Error: "Invalid autocomplete selectedIndex" {file: "resource://gre/actors/AutoCompleteChild.jsm" line: 125}]'[JavaScript Error: "Invalid autocomplete selectedIndex" {file: "resource://gre/actors/AutoCompleteChild.jsm" line: 125}]' when calling method: [nsIAutoCompletePopup::selectedIndex]
console.warn: LoginRecipes: "getRecipes: falling back to a synchronous message for:" "http://127.0.0.1:8000"
1649379147684	Marionette	INFO	Stopped listening on port 64512
console.warn: TopSitesFeed: Failed to fetch data from Contile server: NetworkError when attempting to fetch resource.

###!!! [Parent][PGPUParent] Error: RunMessage(msgname=PGPU::Msg_ShutdownVR) Channel closing: too late to send/recv, messages will be lost

1649379193142	geckodriver	INFO	Listening on 127.0.0.1:64559
1649379196225	mozrunner::runner	INFO	Running command: "D:\\Program Files (x86)\\Mozilla Firefox\\firefox.exe" "--marionette" "--remote-debugging-port" "64560" "-no-remote" "-profile" "C:\\Users\\对二氯苯\\AppData\\Local\\Temp\\rust_mozprofileGnXofD"
1649379196459	Marionette	INFO	Marionette enabled
console.warn: SearchSettings: "get: No settings file exists, new profile?" (new NotFoundError("Could not open the file at C:\\Users\\\u5BF9\u4E8C\u6C2F\u82EF\\AppData\\Local\\Temp\\rust_mozprofileGnXofD\\search.json.mozlz4", (void 0)))
DevTools listening on ws://localhost:64560/devtools/browser/a5770a11-4256-44e6-aa5f-3cc31e936177
1649379198122	Marionette	INFO	Listening on port 64565
1649379198284	RemoteAgent	WARN	TLS certificate errors will be ignored for this session
JavaScript error: resource://gre/actors/AutoCompleteChild.jsm, line 125: Error: Invalid autocomplete selectedIndex
JavaScript error: resource://gre/actors/AutoCompleteChild.jsm, line 125: Error: Invalid autocomplete selectedIndex
JavaScript error: resource://gre/modules/LoginManagerChild.jsm, line 194: NS_ERROR_XPC_JAVASCRIPT_ERROR_WITH_DETAILS: [JavaScript Error: "Invalid autocomplete selectedIndex" {file: "resource://gre/actors/AutoCompleteChild.jsm" line: 125}]'[JavaScript Error: "Invalid autocomplete selectedIndex" {file: "resource://gre/actors/AutoCompleteChild.jsm" line: 125}]' when calling method: [nsIAutoCompletePopup::selectedIndex]
console.warn: LoginRecipes: "getRecipes: falling back to a synchronous message for:" "http://127.0.0.1:8000"
1649379203263	Marionette	INFO	Stopped listening on port 64565
console.warn: TopSitesFeed: Failed to fetch data from Contile server: NetworkError when attempting to fetch resource.

###!!! [Parent][PGPUParent] Error: RunMessage(msgname=PGPU::Msg_ShutdownVR) Channel closing: too late to send/recv, messages will be lost

1649379327670	geckodriver	INFO	Listening on 127.0.0.1:64715
1649379330735	mozrunner::runner	INFO	Running command: "D:\\Program Files (x86)\\Mozilla Firefox\\firefox.exe" "--marionette" "--remote-debugging-port" "64716" "-no-remote" "-profile" "C:\\Users\\对二氯苯\\AppData\\Local\\Temp\\rust_mozprofilex5qd67"
1649379331022	Marionette	INFO	Marionette enabled
console.warn: SearchSettings: "get: No settings file exists, new profile?" (new NotFoundError("Could not open the file at C:\\Users\\\u5BF9\u4E8C\u6C2F\u82EF\\AppData\\Local\\Temp\\rust_mozprofilex5qd67\\search.json.mozlz4", (void 0)))
DevTools listening on ws://localhost:64716/devtools/browser/440dd1f9-7000-49ef-9498-f074f20c009f
1649379332706	Marionette	INFO	Listening on port 64721
1649379332796	RemoteAgent	WARN	TLS certificate errors will be ignored for this session
JavaScript error: resource://gre/actors/AutoCompleteChild.jsm, line 125: Error: Invalid autocomplete selectedIndex
JavaScript error: resource://gre/actors/AutoCompleteChild.jsm, line 125: Error: Invalid autocomplete selectedIndex
JavaScript error: resource://gre/modules/LoginManagerChild.jsm, line 194: NS_ERROR_XPC_JAVASCRIPT_ERROR_WITH_DETAILS: [JavaScript Error: "Invalid autocomplete selectedIndex" {file: "resource://gre/actors/AutoCompleteChild.jsm" line: 125}]'[JavaScript Error: "Invalid autocomplete selectedIndex" {file: "resource://gre/actors/AutoCompleteChild.jsm" line: 125}]' when calling method: [nsIAutoCompletePopup::selectedIndex]
console.warn: LoginRecipes: "getRecipes: falling back to a synchronous message for:" "http://127.0.0.1:8000"
1649379344865	Marionette	INFO	Stopped listening on port 64721
console.warn: TopSitesFeed: Failed to fetch data from Contile server: NetworkError when attempting to fetch resource.
1649379347112	geckodriver	INFO	Listening on 127.0.0.1:64766
1649379350177	mozrunner::runner	INFO	Running command: "D:\\Program Files (x86)\\Mozilla Firefox\\firefox.exe" "--marionette" "--remote-debugging-port" "64767" "-no-remote" "-profile" "C:\\Users\\对二氯苯\\AppData\\Local\\Temp\\rust_mozprofilegYzhic"
1649379350447	Marionette	INFO	Marionette enabled
console.warn: SearchSettings: "get: No settings file exists, new profile?" (new NotFoundError("Could not open the file at C:\\Users\\\u5BF9\u4E8C\u6C2F\u82EF\\AppData\\Local\\Temp\\rust_mozprofilegYzhic\\search.json.mozlz4", (void 0)))
DevTools listening on ws://localhost:64767/devtools/browser/14fc4f95-2548-4567-ab7c-c5586b54e04f
1649379351981	Marionette	INFO	Listening on port 64774
1649379352252	RemoteAgent	WARN	TLS certificate errors will be ignored for this session
JavaScript error: resource://gre/actors/AutoCompleteChild.jsm, line 125: Error: Invalid autocomplete selectedIndex
JavaScript error: resource://gre/actors/AutoCompleteChild.jsm, line 125: Error: Invalid autocomplete selectedIndex
JavaScript error: resource://gre/modules/LoginManagerChild.jsm, line 194: NS_ERROR_XPC_JAVASCRIPT_ERROR_WITH_DETAILS: [JavaScript Error: "Invalid autocomplete selectedIndex" {file: "resource://gre/actors/AutoCompleteChild.jsm" line: 125}]'[JavaScript Error: "Invalid autocomplete selectedIndex" {file: "resource://gre/actors/AutoCompleteChild.jsm" line: 125}]' when calling method: [nsIAutoCompletePopup::selectedIndex]
console.warn: LoginRecipes: "getRecipes: falling back to a synchronous message for:" "http://127.0.0.1:8000"
console.warn: LoginRecipes: "getRecipes: falling back to a synchronous message for:" "http://127.0.0.1:8000"
1649379633483	Marionette	INFO	Stopped listening on port 64774
console.warn: TopSitesFeed: Failed to fetch data from Contile server: NetworkError when attempting to fetch resource.
ust_mozprofilewh1hSG"
1649379505310	Marionette	INFO	Marionette enabled
console.warn: SearchSettings: "get: No settings file exists, new profile?" (new NotFoundError("Could not open the file at C:\\Users\\\u5BF9\u4E8C\u6C2F\u82EF\\AppData\\Local\\Temp\\rust_mozprofilewh1hSG\\search.json.mozlz4", (void 0)))
DevTools listening on ws://localhost:64877/devtools/browser/091d166e-2287-4b6f-b434-290a258e9960
1649379507082	Marionette	INFO	Listening on port 64882
1649379507135	RemoteAgent	WARN	TLS certificate errors will be ignored for this session
JavaScript error: resource://gre/actors/AutoCompleteChild.jsm, line 125: Error: Invalid autocomplete selectedIndex
JavaScript error: resource://gre/actors/AutoCompleteChild.jsm, line 125: Error: Invalid autocomplete selectedIndex
JavaScript error: resource://gre/modules/LoginManagerChild.jsm, line 194: NS_ERROR_XPC_JAVASCRIPT_ERROR_WITH_DETAILS: [JavaScript Error: "Invalid autocomplete selectedIndex" {file: "resource://gre/actors/AutoCompleteChild.jsm" line: 125}]'[JavaScript Error: "Invalid autocomplete selectedIndex" {file: "resource://gre/actors/AutoCompleteChild.jsm" line: 125}]' when calling method: [nsIAutoCompletePopup::selectedIndex]
console.warn: LoginRecipes: "getRecipes: falling back to a synchronous message for:" "http://127.0.0.1:8000"
console.warn: LoginRecipes: "getRecipes: falling back to a synchronous message for:" "http://127.0.0.1:8000"
1649379513043	Marionette	INFO	Stopped listening on port 64882
console.warn: TopSitesFeed: Failed to fetch data from Contile server: NetworkError when attempting to fetch resource.

###!!! [Parent][PGPUParent] Error: RunMessage(msgname=PGPU::Msg_ShutdownVR) Channel closing: too late to send/recv, messages will be lost

1649379536074	geckodriver	INFO	Listening on 127.0.0.1:64933
1649379539128	mozrunner::runner	INFO	Running command: "D:\\Program Files (x86)\\Mozilla Firefox\\firefox.exe" "--marionette" "--remote-debugging-port" "64934" "-no-remote" "-profile" "C:\\Users\\对二氯苯\\AppData\\Local\\Temp\\rust_mozprofile4nPn6n"
1649379539412	Marionette	INFO	Marionette enabled
console.warn: SearchSettings: "get: No settings file exists, new profile?" (new NotFoundError("Could not open the file at C:\\Users\\\u5BF9\u4E8C\u6C2F\u82EF\\AppData\\Local\\Temp\\rust_mozprofile4nPn6n\\search.json.mozlz4", (void 0)))
DevTools listening on ws://localhost:64934/devtools/browser/8fd9a84c-edad-42da-b34c-98060110f015
1649379541117	Marionette	INFO	Listening on port 64940
1649379541195	RemoteAgent	WARN	TLS certificate errors will be ignored for this session
JavaScript error: resource://gre/actors/AutoCompleteChild.jsm, line 125: Error: Invalid autocomplete selectedIndex
JavaScript error: resource://gre/actors/AutoCompleteChild.jsm, line 125: Error: Invalid autocomplete selectedIndex
JavaScript error: resource://gre/modules/LoginManagerChild.jsm, line 194: NS_ERROR_XPC_JAVASCRIPT_ERROR_WITH_DETAILS: [JavaScript Error: "Invalid autocomplete selectedIndex" {file: "resource://gre/actors/AutoCompleteChild.jsm" line: 125}]'[JavaScript Error: "Invalid autocomplete selectedIndex" {file: "resource://gre/actors/AutoCompleteChild.jsm" line: 125}]' when calling method: [nsIAutoCompletePopup::selectedIndex]
console.warn: LoginRecipes: "getRecipes: falling back to a synchronous message for:" "http://127.0.0.1:8000"
1649379547611	Marionette	INFO	Stopped listening on port 64940
console.warn: TopSitesFeed: Failed to fetch data from Contile server: NetworkError when attempting to fetch resource.

###!!! [Parent][PGPUParent] Error: RunMessage(msgname=PGPU::Msg_ShutdownVR) Channel closing: too late to send/recv, messages will be lost

1649379565548	geckodriver	INFO	Listening on 127.0.0.1:64979
1649379568634	mozrunner::runner	INFO	Running command: "D:\\Program Files (x86)\\Mozilla Firefox\\firefox.exe" "--marionette" "--remote-debugging-port" "64980" "-no-remote" "-profile" "C:\\Users\\对二氯苯\\AppData\\Local\\Temp\\rust_mozprofile8duNTN"
1649379568863	Marionette	INFO	Marionette enabled
console.warn: SearchSettings: "get: No settings file exists, new profile?" (new NotFoundError("Could not open the file at C:\\Users\\\u5BF9\u4E8C\u6C2F\u82EF\\AppData\\Local\\Temp\\rust_mozprofile8duNTN\\search.json.mozlz4", (void 0)))
DevTools listening on ws://localhost:64980/devtools/browser/b862a5ee-b4c4-4fe9-92d2-659c10a0a199
1649379570384	Marionette	INFO	Listening on port 64986
1649379570679	RemoteAgent	WARN	TLS certificate errors will be ignored for this session
JavaScript error: resource://gre/actors/AutoCompleteChild.jsm, line 125: Error: Invalid autocomplete selectedIndex
JavaScript error: resource://gre/actors/AutoCompleteChild.jsm, line 125: Error: Invalid autocomplete selectedIndex
JavaScript error: resource://gre/modules/LoginManagerChild.jsm, line 194: NS_ERROR_XPC_JAVASCRIPT_ERROR_WITH_DETAILS: [JavaScript Error: "Invalid autocomplete selectedIndex" {file: "resource://gre/actors/AutoCompleteChild.jsm" line: 125}]'[JavaScript Error: "Invalid autocomplete selectedIndex" {file: "resource://gre/actors/AutoCompleteChild.jsm" line: 125}]' when calling method: [nsIAutoCompletePopup::selectedIndex]
console.warn: LoginRecipes: "getRecipes: falling back to a synchronous message for:" "http://127.0.0.1:8000"
1649379572293	Marionette	INFO	Stopped listening on port 64986
console.warn: TopSitesFeed: Failed to fetch data from Contile server: NetworkError when attempting to fetch resource.
1649379717578	geckodriver	INFO	Listening on 127.0.0.1:65069
1649379720660	mozrunner::runner	INFO	Running command: "D:\\Program Files (x86)\\Mozilla Firefox\\firefox.exe" "--marionette" "--remote-debugging-port" "65070" "-no-remote" "-profile" "C:\\Users\\对二氯苯\\AppData\\Local\\Temp\\rust_mozprofileIUSqSU"
1649379720921	Marionette	INFO	Marionette enabled
console.warn: SearchSettings: "get: No settings file exists, new profile?" (new NotFoundError("Could not open the file at C:\\Users\\\u5BF9\u4E8C\u6C2F\u82EF\\AppData\\Local\\Temp\\rust_mozprofileIUSqSU\\search.json.mozlz4", (void 0)))
DevTools listening on ws://localhost:65070/devtools/browser/1d62ede0-431d-49e2-8251-d6afc95ea1c8
1649379722457	Marionette	INFO	Listening on port 65075
1649379722704	RemoteAgent	WARN	TLS certificate errors will be ignored for this session
JavaScript error: resource://gre/actors/AutoCompleteChild.jsm, line 125: Error: Invalid autocomplete selectedIndex
JavaScript error: resource://gre/actors/AutoCompleteChild.jsm, line 125: Error: Invalid autocomplete selectedIndex
JavaScript error: resource://gre/modules/LoginManagerChild.jsm, line 194: NS_ERROR_XPC_JAVASCRIPT_ERROR_WITH_DETAILS: [JavaScript Error: "Invalid autocomplete selectedIndex" {file: "resource://gre/actors/AutoCompleteChild.jsm" line: 125}]'[JavaScript Error: "Invalid autocomplete selectedIndex" {file: "resource://gre/actors/AutoCompleteChild.jsm" line: 125}]' when calling method: [nsIAutoCompletePopup::selectedIndex]
console.warn: LoginRecipes: "getRecipes: falling back to a synchronous message for:" "http://127.0.0.1:8000"
1649379724316	Marionette	INFO	Stopped listening on port 65075
console.error: services.settings: 
  main/query-stripping Signature failed  TypeError: NetworkError: Network request failed
console.warn: TopSitesFeed: Failed to fetch data from Contile server: NetworkError when attempting to fetch resource.

###!!! [Parent][PGPUParent] Error: RunMessage(msgname=PGPU::Msg_ShutdownVR) Channel closing: too late to send/recv, messages will be lost

1649379827986	geckodriver	INFO	Listening on 127.0.0.1:65139
1649379831066	mozrunner::runner	INFO	Running command: "D:\\Program Files (x86)\\Mozilla Firefox\\firefox.exe" "--marionette" "--remote-debugging-port" "65140" "-no-remote" "-profile" "C:\\Users\\对二氯苯\\AppData\\Local\\Temp\\rust_mozprofilecbdzM2"
1649379831302	Marionette	INFO	Marionette enabled
console.warn: SearchSettings: "get: No settings file exists, new profile?" (new NotFoundError("Could not open the file at C:\\Users\\\u5BF9\u4E8C\u6C2F\u82EF\\AppData\\Local\\Temp\\rust_mozprofilecbdzM2\\search.json.mozlz4", (void 0)))
DevTools listening on ws://localhost:65140/devtools/browser/759da20b-66c2-4cf9-9846-72c628d8ee5a
1649379832878	Marionette	INFO	Listening on port 65145
1649379833118	RemoteAgent	WARN	TLS certificate errors will be ignored for this session
JavaScript error: resource://gre/actors/AutoCompleteChild.jsm, line 125: Error: Invalid autocomplete selectedIndex
JavaScript error: resource://gre/actors/AutoCompleteChild.jsm, line 125: Error: Invalid autocomplete selectedIndex
JavaScript error: resource://gre/modules/LoginManagerChild.jsm, line 194: NS_ERROR_XPC_JAVASCRIPT_ERROR_WITH_DETAILS: [JavaScript Error: "Invalid autocomplete selectedIndex" {file: "resource://gre/actors/AutoCompleteChild.jsm" line: 125}]'[JavaScript Error: "Invalid autocomplete selectedIndex" {file: "resource://gre/actors/AutoCompleteChild.jsm" line: 125}]' when calling method: [nsIAutoCompletePopup::selectedIndex]
console.warn: LoginRecipes: "getRecipes: falling back to a synchronous message for:" "http://127.0.0.1:8000"
1649379842520	Marionette	INFO	Stopped listening on port 65145
console.warn: TopSitesFeed: Failed to fetch data from Contile server: NetworkError when attempting to fetch resource.
1649379956497	geckodriver	INFO	Listening on 127.0.0.1:65319
1649379959574	mozrunner::runner	INFO	Running command: "D:\\Program Files (x86)\\Mozilla Firefox\\firefox.exe" "--marionette" "--remote-debugging-port" "65320" "-no-remote" "-profile" "C:\\Users\\对二氯苯\\AppData\\Local\\Temp\\rust_mozprofileqvFbHy"
1649379959810	Marionette	INFO	Marionette enabled
console.warn: SearchSettings: "get: No settings file exists, new profile?" (new NotFoundError("Could not open the file at C:\\Users\\\u5BF9\u4E8C\u6C2F\u82EF\\AppData\\Local\\Temp\\rust_mozprofileqvFbHy\\search.json.mozlz4", (void 0)))
DevTools listening on ws://localhost:65320/devtools/browser/be7b15a8-abc9-4f9f-9859-8a96ac5d51fb
1649379961353	Marionette	INFO	Listening on port 65326
1649379961631	RemoteAgent	WARN	TLS certificate errors will be ignored for this session
JavaScript error: resource://gre/actors/AutoCompleteChild.jsm, line 125: Error: Invalid autocomplete selectedIndex
JavaScript error: resource://gre/actors/AutoCompleteChild.jsm, line 125: Error: Invalid autocomplete selectedIndex
JavaScript error: resource://gre/modules/LoginManagerChild.jsm, line 194: NS_ERROR_XPC_JAVASCRIPT_ERROR_WITH_DETAILS: [JavaScript Error: "Invalid autocomplete selectedIndex" {file: "resource://gre/actors/AutoCompleteChild.jsm" line: 125}]'[JavaScript Error: "Invalid autocomplete selectedIndex" {file: "resource://gre/actors/AutoCompleteChild.jsm" line: 125}]' when calling method: [nsIAutoCompletePopup::selectedIndex]
console.warn: LoginRecipes: "getRecipes: falling back to a synchronous message for:" "http://127.0.0.1:8000"
1649379989554	Marionette	INFO	Stopped listening on port 65326
console.warn: TopSitesFeed: Failed to fetch data from Contile server: NetworkError when attempting to fetch resource.
1649380062546	geckodriver	INFO	Listening on 127.0.0.1:65399
1649380065609	mozrunner::runner	INFO	Running command: "D:\\Program Files (x86)\\Mozilla Firefox\\firefox.exe" "--marionette" "--remote-debugging-port" "65400" "-no-remote" "-profile" "C:\\Users\\对二氯苯\\AppData\\Local\\Temp\\rust_mozprofilelAESZU"
1649380065853	Marionette	INFO	Marionette enabled
console.warn: SearchSettings: "get: No settings file exists, new profile?" (new NotFoundError("Could not open the file at C:\\Users\\\u5BF9\u4E8C\u6C2F\u82EF\\AppData\\Local\\Temp\\rust_mozprofilelAESZU\\search.json.mozlz4", (void 0)))
DevTools listening on ws://localhost:65400/devtools/browser/73b5b0a6-a655-49bf-acef-dc8810cca8ac
1649380067377	Marionette	INFO	Listening on port 65405
1649380067663	RemoteAgent	WARN	TLS certificate errors will be ignored for this session
JavaScript error: resource://gre/actors/AutoCompleteChild.jsm, line 125: Error: Invalid autocomplete selectedIndex
JavaScript error: resource://gre/actors/AutoCompleteChild.jsm, line 125: Error: Invalid autocomplete selectedIndex
JavaScript error: resource://gre/modules/LoginManagerChild.jsm, line 194: NS_ERROR_XPC_JAVASCRIPT_ERROR_WITH_DETAILS: [JavaScript Error: "Invalid autocomplete selectedIndex" {file: "resource://gre/actors/AutoCompleteChild.jsm" line: 125}]'[JavaScript Error: "Invalid autocomplete selectedIndex" {file: "resource://gre/actors/AutoCompleteChild.jsm" line: 125}]' when calling method: [nsIAutoCompletePopup::selectedIndex]
console.warn: LoginRecipes: "getRecipes: falling back to a synchronous message for:" "http://127.0.0.1:8000"
console.warn: LoginRecipes: "getRecipes: falling back to a synchronous message for:" "http://127.0.0.1:8000"
1649380076375	Marionette	INFO	Stopped listening on port 65405
console.warn: TopSitesFeed: Failed to fetch data from Contile server: NetworkError when attempting to fetch resource.
1649380134726	geckodriver	INFO	Listening on 127.0.0.1:65456
1649380137798	mozrunner::runner	INFO	Running command: "D:\\Program Files (x86)\\Mozilla Firefox\\firefox.exe" "--marionette" "--remote-debugging-port" "65457" "-no-remote" "-profile" "C:\\Users\\对二氯苯\\AppData\\Local\\Temp\\rust_mozprofileoJUbMs"
1649380138029	Marionette	INFO	Marionette enabled
console.warn: SearchSettings: "get: No settings file exists, new profile?" (new NotFoundError("Could not open the file at C:\\Users\\\u5BF9\u4E8C\u6C2F\u82EF\\AppData\\Local\\Temp\\rust_mozprofileoJUbMs\\search.json.mozlz4", (void 0)))
DevTools listening on ws://localhost:65457/devtools/browser/a5ab1bff-2a71-45a8-817d-09e85d640608
1649380139577	Marionette	INFO	Listening on port 65463
1649380139849	RemoteAgent	WARN	TLS certificate errors will be ignored for this session
JavaScript error: resource://gre/actors/AutoCompleteChild.jsm, line 125: Error: Invalid autocomplete selectedIndex
JavaScript error: resource://gre/actors/AutoCompleteChild.jsm, line 125: Error: Invalid autocomplete selectedIndex
JavaScript error: resource://gre/modules/LoginManagerChild.jsm, line 194: NS_ERROR_XPC_JAVASCRIPT_ERROR_WITH_DETAILS: [JavaScript Error: "Invalid autocomplete selectedIndex" {file: "resource://gre/actors/AutoCompleteChild.jsm" line: 125}]'[JavaScript Error: "Invalid autocomplete selectedIndex" {file: "resource://gre/actors/AutoCompleteChild.jsm" line: 125}]' when calling method: [nsIAutoCompletePopup::selectedIndex]
console.warn: LoginRecipes: "getRecipes: falling back to a synchronous message for:" "http://127.0.0.1:8000"
1649380141336	Marionette	INFO	Stopped listening on port 65463
console.warn: TopSitesFeed: Failed to fetch data from Contile server: NetworkError when attempting to fetch resource.

###!!! [Parent][PGPUParent] Error: RunMessage(msgname=PGPU::Msg_ShutdownVR) Channel closing: too late to send/recv, messages will be lost

1649380276735	geckodriver	INFO	Listening on 127.0.0.1:65530
1649380279818	mozrunner::runner	INFO	Running command: "D:\\Program Files (x86)\\Mozilla Firefox\\firefox.exe" "--marionette" "--remote-debugging-port" "65531" "-no-remote" "-profile" "C:\\Users\\对二氯苯\\AppData\\Local\\Temp\\rust_mozprofileFn2ASQ"
1649380280066	Marionette	INFO	Marionette enabled
console.warn: SearchSettings: "get: No settings file exists, new profile?" (new NotFoundError("Could not open the file at C:\\Users\\\u5BF9\u4E8C\u6C2F\u82EF\\AppData\\Local\\Temp\\rust_mozprofileFn2ASQ\\search.json.mozlz4", (void 0)))
DevTools listening on ws://localhost:65531/devtools/browser/dbc30d56-9075-4c18-b0c3-b3d114b35695
1649380281594	Marionette	INFO	Listening on port 49154
1649380281879	RemoteAgent	WARN	TLS certificate errors will be ignored for this session
1649380335607	Marionette	INFO	Stopped listening on port 49154
console.warn: TopSitesFeed: Failed to fetch data from Contile server: NetworkError when attempting to fetch resource.
1649380415303	geckodriver	INFO	Listening on 127.0.0.1:49271
1649380418368	mozrunner::runner	INFO	Running command: "D:\\Program Files (x86)\\Mozilla Firefox\\firefox.exe" "--marionette" "--remote-debugging-port" "49272" "-no-remote" "-profile" "C:\\Users\\对二氯苯\\AppData\\Local\\Temp\\rust_mozprofilemZX4jJ"
1649380418605	Marionette	INFO	Marionette enabled
console.warn: SearchSettings: "get: No settings file exists, new profile?" (new NotFoundError("Could not open the file at C:\\Users\\\u5BF9\u4E8C\u6C2F\u82EF\\AppData\\Local\\Temp\\rust_mozprofilemZX4jJ\\search.json.mozlz4", (void 0)))
DevTools listening on ws://localhost:49272/devtools/browser/94243379-5458-4eae-8289-2ccbd435400a
1649380420152	Marionette	INFO	Listening on port 49278
1649380420416	RemoteAgent	WARN	TLS certificate errors will be ignored for this session
JavaScript error: resource://gre/actors/AutoCompleteChild.jsm, line 125: Error: Invalid autocomplete selectedIndex
JavaScript error: resource://gre/actors/AutoCompleteChild.jsm, line 125: Error: Invalid autocomplete selectedIndex
JavaScript error: resource://gre/modules/LoginManagerChild.jsm, line 194: NS_ERROR_XPC_JAVASCRIPT_ERROR_WITH_DETAILS: [JavaScript Error: "Invalid autocomplete selectedIndex" {file: "resource://gre/actors/AutoCompleteChild.jsm" line: 125}]'[JavaScript Error: "Invalid autocomplete selectedIndex" {file: "resource://gre/actors/AutoCompleteChild.jsm" line: 125}]' when calling method: [nsIAutoCompletePopup::selectedIndex]
console.warn: LoginRecipes: "getRecipes: falling back to a synchronous message for:" "http://127.0.0.1:8000"
1649380425734	Marionette	INFO	Stopped listening on port 49278
console.warn: TopSitesFeed: Failed to fetch data from Contile server: NetworkError when attempting to fetch resource.

###!!! [Parent][PGPUParent] Error: RunMessage(msgname=PGPU::Msg_ShutdownVR) Channel closing: too late to send/recv, messages will be lost

1649380599866	geckodriver	INFO	Listening on 127.0.0.1:49412
1649380602932	mozrunner::runner	INFO	Running command: "D:\\Program Files (x86)\\Mozilla Firefox\\firefox.exe" "--marionette" "--remote-debugging-port" "49413" "-no-remote" "-profile" "C:\\Users\\对二氯苯\\AppData\\Local\\Temp\\rust_mozprofile0VaZxE"
1649380603186	Marionette	INFO	Marionette enabled
console.warn: SearchSettings: "get: No settings file exists, new profile?" (new NotFoundError("Could not open the file at C:\\Users\\\u5BF9\u4E8C\u6C2F\u82EF\\AppData\\Local\\Temp\\rust_mozprofile0VaZxE\\search.json.mozlz4", (void 0)))
DevTools listening on ws://localhost:49413/devtools/browser/509b849e-57ec-4a56-9f7b-a0ed51aa6adb
1649380604754	Marionette	INFO	Listening on port 49418
1649380604980	RemoteAgent	WARN	TLS certificate errors will be ignored for this session
JavaScript error: resource://gre/actors/AutoCompleteChild.jsm, line 125: Error: Invalid autocomplete selectedIndex
JavaScript error: resource://gre/actors/AutoCompleteChild.jsm, line 125: Error: Invalid autocomplete selectedIndex
JavaScript error: resource://gre/modules/LoginManagerChild.jsm, line 194: NS_ERROR_XPC_JAVASCRIPT_ERROR_WITH_DETAILS: [JavaScript Error: "Invalid autocomplete selectedIndex" {file: "resource://gre/actors/AutoCompleteChild.jsm" line: 125}]'[JavaScript Error: "Invalid autocomplete selectedIndex" {file: "resource://gre/actors/AutoCompleteChild.jsm" line: 125}]' when calling method: [nsIAutoCompletePopup::selectedIndex]
console.warn: LoginRecipes: "getRecipes: falling back to a synchronous message for:" "http://127.0.0.1:8000"
console.warn: LoginRecipes: "getRecipes: falling back to a synchronous message for:" "http://127.0.0.1:8000"
console.warn: LoginRecipes: "getRecipes: falling back to a synchronous message for:" "http://127.0.0.1:8000"
1649380642165	Marionette	INFO	Stopped listening on port 49418
console.warn: TopSitesFeed: Failed to fetch data from Contile server: NetworkError when attempting to fetch resource.
1649380750957	geckodriver	INFO	Listening on 127.0.0.1:49527
1649380754019	mozrunner::runner	INFO	Running command: "D:\\Program Files (x86)\\Mozilla Firefox\\firefox.exe" "--marionette" "--remote-debugging-port" "49528" "-no-remote" "-profile" "C:\\Users\\对二氯苯\\AppData\\Local\\Temp\\rust_mozprofileNt0y0X"
1649380754260	Marionette	INFO	Marionette enabled
console.warn: SearchSettings: "get: No settings file exists, new profile?" (new NotFoundError("Could not open the file at C:\\Users\\\u5BF9\u4E8C\u6C2F\u82EF\\AppData\\Local\\Temp\\rust_mozprofileNt0y0X\\search.json.mozlz4", (void 0)))
DevTools listening on ws://localhost:49528/devtools/browser/43a427ae-650e-4cac-a1ea-f48c3401b63c
1649380755805	Marionette	INFO	Listening on port 49533
1649380756062	RemoteAgent	WARN	TLS certificate errors will be ignored for this session
JavaScript error: resource://gre/actors/AutoCompleteChild.jsm, line 125: Error: Invalid autocomplete selectedIndex
JavaScript error: resource://gre/actors/AutoCompleteChild.jsm, line 125: Error: Invalid autocomplete selectedIndex
JavaScript error: resource://gre/modules/LoginManagerChild.jsm, line 194: NS_ERROR_XPC_JAVASCRIPT_ERROR_WITH_DETAILS: [JavaScript Error: "Invalid autocomplete selectedIndex" {file: "resource://gre/actors/AutoCompleteChild.jsm" line: 125}]'[JavaScript Error: "Invalid autocomplete selectedIndex" {file: "resource://gre/actors/AutoCompleteChild.jsm" line: 125}]' when calling method: [nsIAutoCompletePopup::selectedIndex]
console.warn: LoginRecipes: "getRecipes: falling back to a synchronous message for:" "http://127.0.0.1:8000"
1649380762250	Marionette	INFO	Stopped listening on port 49533
console.warn: TopSitesFeed: Failed to fetch data from Contile server: NetworkError when attempting to fetch resource.
1649380850751	geckodriver	INFO	Listening on 127.0.0.1:49589
1649380853833	mozrunner::runner	INFO	Running command: "D:\\Program Files (x86)\\Mozilla Firefox\\firefox.exe" "--marionette" "--remote-debugging-port" "49590" "-no-remote" "-profile" "C:\\Users\\对二氯苯\\AppData\\Local\\Temp\\rust_mozprofileEPtADN"
1649380854082	Marionette	INFO	Marionette enabled
console.warn: SearchSettings: "get: No settings file exists, new profile?" (new NotFoundError("Could not open the file at C:\\Users\\\u5BF9\u4E8C\u6C2F\u82EF\\AppData\\Local\\Temp\\rust_mozprofileEPtADN\\search.json.mozlz4", (void 0)))
DevTools listening on ws://localhost:49590/devtools/browser/323f820c-c18c-4f55-a0eb-2d4024eda775
1649380855624	Marionette	INFO	Listening on port 49595
1649380855894	RemoteAgent	WARN	TLS certificate errors will be ignored for this session
JavaScript error: resource://gre/actors/AutoCompleteChild.jsm, line 125: Error: Invalid autocomplete selectedIndex
JavaScript error: resource://gre/actors/AutoCompleteChild.jsm, line 125: Error: Invalid autocomplete selectedIndex
JavaScript error: resource://gre/modules/LoginManagerChild.jsm, line 194: NS_ERROR_XPC_JAVASCRIPT_ERROR_WITH_DETAILS: [JavaScript Error: "Invalid autocomplete selectedIndex" {file: "resource://gre/actors/AutoCompleteChild.jsm" line: 125}]'[JavaScript Error: "Invalid autocomplete selectedIndex" {file: "resource://gre/actors/AutoCompleteChild.jsm" line: 125}]' when calling method: [nsIAutoCompletePopup::selectedIndex]
console.warn: LoginRecipes: "getRecipes: falling back to a synchronous message for:" "http://127.0.0.1:8000"
1649380865800	Marionette	INFO	Stopped listening on port 49595
console.warn: TopSitesFeed: Failed to fetch data from Contile server: NetworkError when attempting to fetch resource.
1649380905106	geckodriver	INFO	Listening on 127.0.0.1:49646
1649380908163	mozrunner::runner	INFO	Running command: "D:\\Program Files (x86)\\Mozilla Firefox\\firefox.exe" "--marionette" "--remote-debugging-port" "49647" "-no-remote" "-profile" "C:\\Users\\对二氯苯\\AppData\\Local\\Temp\\rust_mozprofile0hh0Co"
1649380908431	Marionette	INFO	Marionette enabled
console.warn: SearchSettings: "get: No settings file exists, new profile?" (new NotFoundError("Could not open the file at C:\\Users\\\u5BF9\u4E8C\u6C2F\u82EF\\AppData\\Local\\Temp\\rust_mozprofile0hh0Co\\search.json.mozlz4", (void 0)))
DevTools listening on ws://localhost:49647/devtools/browser/342b1680-7f90-4ca5-bbe1-ebceca40dd39
1649380910010	Marionette	INFO	Listening on port 49655
1649380910226	RemoteAgent	WARN	TLS certificate errors will be ignored for this session
JavaScript error: resource://gre/actors/AutoCompleteChild.jsm, line 125: Error: Invalid autocomplete selectedIndex
JavaScript error: resource://gre/actors/AutoCompleteChild.jsm, line 125: Error: Invalid autocomplete selectedIndex
JavaScript error: resource://gre/modules/LoginManagerChild.jsm, line 194: NS_ERROR_XPC_JAVASCRIPT_ERROR_WITH_DETAILS: [JavaScript Error: "Invalid autocomplete selectedIndex" {file: "resource://gre/actors/AutoCompleteChild.jsm" line: 125}]'[JavaScript Error: "Invalid autocomplete selectedIndex" {file: "resource://gre/actors/AutoCompleteChild.jsm" line: 125}]' when calling method: [nsIAutoCompletePopup::selectedIndex]
console.warn: LoginRecipes: "getRecipes: falling back to a synchronous message for:" "http://127.0.0.1:8000"
console.warn: LoginRecipes: "getRecipes: falling back to a synchronous message for:" "http://127.0.0.1:8000"
1649380945816	Marionette	INFO	Stopped listening on port 49655
console.warn: TopSitesFeed: Failed to fetch data from Contile server: NetworkError when attempting to fetch resource.
JavaScript error: chrome://remote/content/marionette/cert.js, line 55: NS_ERROR_NOT_AVAILABLE: Component returned failure code: 0x80040111 (NS_ERROR_NOT_AVAILABLE) [nsICertOverrideService.setDisableAllSecurityChecksAndLetAttackersInterceptMyData]
1649380953214	geckodriver	INFO	Listening on 127.0.0.1:49719
1649380956275	mozrunner::runner	INFO	Running command: "D:\\Program Files (x86)\\Mozilla Firefox\\firefox.exe" "--marionette" "--remote-debugging-port" "49720" "-no-remote" "-profile" "C:\\Users\\对二氯苯\\AppData\\Local\\Temp\\rust_mozprofilelFLCsC"
1649380956560	Marionette	INFO	Marionette enabled
console.warn: SearchSettings: "get: No settings file exists, new profile?" (new NotFoundError("Could not open the file at C:\\Users\\\u5BF9\u4E8C\u6C2F\u82EF\\AppData\\Local\\Temp\\rust_mozprofilelFLCsC\\search.json.mozlz4", (void 0)))
DevTools listening on ws://localhost:49720/devtools/browser/ae8513fa-8400-47f8-86a8-c23c60760a9d
1649380958234	Marionette	INFO	Listening on port 49726
1649380958357	RemoteAgent	WARN	TLS certificate errors will be ignored for this session
JavaScript error: resource://gre/actors/AutoCompleteChild.jsm, line 125: Error: Invalid autocomplete selectedIndex
JavaScript error: resource://gre/actors/AutoCompleteChild.jsm, line 125: Error: Invalid autocomplete selectedIndex
JavaScript error: resource://gre/modules/LoginManagerChild.jsm, line 194: NS_ERROR_XPC_JAVASCRIPT_ERROR_WITH_DETAILS: [JavaScript Error: "Invalid autocomplete selectedIndex" {file: "resource://gre/actors/AutoCompleteChild.jsm" line: 125}]'[JavaScript Error: "Invalid autocomplete selectedIndex" {file: "resource://gre/actors/AutoCompleteChild.jsm" line: 125}]' when calling method: [nsIAutoCompletePopup::selectedIndex]
console.warn: LoginRecipes: "getRecipes: falling back to a synchronous message for:" "http://127.0.0.1:8000"
console.warn: LoginRecipes: "getRecipes: falling back to a synchronous message for:" "http://127.0.0.1:8000"
1649380962630	Marionette	INFO	Stopped listening on port 49726
console.warn: TopSitesFeed: Failed to fetch data from Contile server: NetworkError when attempting to fetch resource.
JavaScript error: chrome://remote/content/marionette/cert.js, line 55: NS_ERROR_NOT_AVAILABLE: Component returned failure code: 0x80040111 (NS_ERROR_NOT_AVAILABLE) [nsICertOverrideService.setDisableAllSecurityChecksAndLetAttackersInterceptMyData]
1649380969815	geckodriver	INFO	Listening on 127.0.0.1:49764
1649380972897	mozrunner::runner	INFO	Running command: "D:\\Program Files (x86)\\Mozilla Firefox\\firefox.exe" "--marionette" "--remote-debugging-port" "49765" "-no-remote" "-profile" "C:\\Users\\对二氯苯\\AppData\\Local\\Temp\\rust_mozprofileQyd1iG"
1649380973165	Marionette	INFO	Marionette enabled
console.warn: SearchSettings: "get: No settings file exists, new profile?" (new NotFoundError("Could not open the file at C:\\Users\\\u5BF9\u4E8C\u6C2F\u82EF\\AppData\\Local\\Temp\\rust_mozprofileQyd1iG\\search.json.mozlz4", (void 0)))
DevTools listening on ws://localhost:49765/devtools/browser/e788336e-ce40-41c1-9127-c5c2a3a2e128
1649380974738	Marionette	INFO	Listening on port 49770
1649380974966	RemoteAgent	WARN	TLS certificate errors will be ignored for this session
JavaScript error: resource://gre/actors/AutoCompleteChild.jsm, line 125: Error: Invalid autocomplete selectedIndex
JavaScript error: resource://gre/actors/AutoCompleteChild.jsm, line 125: Error: Invalid autocomplete selectedIndex
JavaScript error: resource://gre/modules/LoginManagerChild.jsm, line 194: NS_ERROR_XPC_JAVASCRIPT_ERROR_WITH_DETAILS: [JavaScript Error: "Invalid autocomplete selectedIndex" {file: "resource://gre/actors/AutoCompleteChild.jsm" line: 125}]'[JavaScript Error: "Invalid autocomplete selectedIndex" {file: "resource://gre/actors/AutoCompleteChild.jsm" line: 125}]' when calling method: [nsIAutoCompletePopup::selectedIndex]
console.warn: LoginRecipes: "getRecipes: falling back to a synchronous message for:" "http://127.0.0.1:8000"
console.warn: LoginRecipes: "getRecipes: falling back to a synchronous message for:" "http://127.0.0.1:8000"
1649380992401	Marionette	INFO	Stopped listening on port 49770
console.warn: TopSitesFeed: Failed to fetch data from Contile server: NetworkError when attempting to fetch resource.
1649381128841	geckodriver	INFO	Listening on 127.0.0.1:49873
1649381131901	mozrunner::runner	INFO	Running command: "D:\\Program Files (x86)\\Mozilla Firefox\\firefox.exe" "--marionette" "--remote-debugging-port" "49874" "-no-remote" "-profile" "C:\\Users\\对二氯苯\\AppData\\Local\\Temp\\rust_mozprofilexnyPrh"
1649381132161	Marionette	INFO	Marionette enabled
console.warn: SearchSettings: "get: No settings file exists, new profile?" (new NotFoundError("Could not open the file at C:\\Users\\\u5BF9\u4E8C\u6C2F\u82EF\\AppData\\Local\\Temp\\rust_mozprofilexnyPrh\\search.json.mozlz4", (void 0)))
DevTools listening on ws://localhost:49874/devtools/browser/03d10801-65a0-44e4-99cb-561ba4257b55
1649381133682	Marionette	INFO	Listening on port 49880
1649381133976	RemoteAgent	WARN	TLS certificate errors will be ignored for this session
JavaScript error: resource://gre/actors/AutoCompleteChild.jsm, line 125: Error: Invalid autocomplete selectedIndex
JavaScript error: resource://gre/actors/AutoCompleteChild.jsm, line 125: Error: Invalid autocomplete selectedIndex
JavaScript error: resource://gre/modules/LoginManagerChild.jsm, line 194: NS_ERROR_XPC_JAVASCRIPT_ERROR_WITH_DETAILS: [JavaScript Error: "Invalid autocomplete selectedIndex" {file: "resource://gre/actors/AutoCompleteChild.jsm" line: 125}]'[JavaScript Error: "Invalid autocomplete selectedIndex" {file: "resource://gre/actors/AutoCompleteChild.jsm" line: 125}]' when calling method: [nsIAutoCompletePopup::selectedIndex]
console.warn: LoginRecipes: "getRecipes: falling back to a synchronous message for:" "http://127.0.0.1:8000"
console.warn: LoginRecipes: "getRecipes: falling back to a synchronous message for:" "http://127.0.0.1:8000"
1649381139964	Marionette	INFO	Stopped listening on port 49880
console.warn: TopSitesFeed: Failed to fetch data from Contile server: NetworkError when attempting to fetch resource.

###!!! [Parent][PGPUParent] Error: RunMessage(msgname=PGPU::Msg_ShutdownVR) Channel closing: too late to send/recv, messages will be lost

1649381144786	geckodriver	INFO	Listening on 127.0.0.1:49922
1649381147858	mozrunner::runner	INFO	Running command: "D:\\Program Files (x86)\\Mozilla Firefox\\firefox.exe" "--marionette" "--remote-debugging-port" "49923" "-no-remote" "-profile" "C:\\Users\\对二氯苯\\AppData\\Local\\Temp\\rust_mozprofilecIcSPM"
1649381148182	Marionette	INFO	Marionette enabled
console.warn: SearchSettings: "get: No settings file exists, new profile?" (new NotFoundError("Could not open the file at C:\\Users\\\u5BF9\u4E8C\u6C2F\u82EF\\AppData\\Local\\Temp\\rust_mozprofilecIcSPM\\search.json.mozlz4", (void 0)))
DevTools listening on ws://localhost:49923/devtools/browser/ce895d86-5615-428a-89fb-f03352e91a54
1649381149916	Marionette	INFO	Listening on port 49932
1649381150027	RemoteAgent	WARN	TLS certificate errors will be ignored for this session
JavaScript error: resource://gre/actors/AutoCompleteChild.jsm, line 125: Error: Invalid autocomplete selectedIndex
JavaScript error: resource://gre/actors/AutoCompleteChild.jsm, line 125: Error: Invalid autocomplete selectedIndex
JavaScript error: resource://gre/modules/LoginManagerChild.jsm, line 194: NS_ERROR_XPC_JAVASCRIPT_ERROR_WITH_DETAILS: [JavaScript Error: "Invalid autocomplete selectedIndex" {file: "resource://gre/actors/AutoCompleteChild.jsm" line: 125}]'[JavaScript Error: "Invalid autocomplete selectedIndex" {file: "resource://gre/actors/AutoCompleteChild.jsm" line: 125}]' when calling method: [nsIAutoCompletePopup::selectedIndex]
console.warn: LoginRecipes: "getRecipes: falling back to a synchronous message for:" "http://127.0.0.1:8000"
console.warn: LoginRecipes: "getRecipes: falling back to a synchronous message for:" "http://127.0.0.1:8000"
1649381161725	Marionette	INFO	Stopped listening on port 49932
console.warn: TopSitesFeed: Failed to fetch data from Contile server: NetworkError when attempting to fetch resource.
1649382382723	geckodriver	INFO	Listening on 127.0.0.1:50348
1649382385821	mozrunner::runner	INFO	Running command: "D:\\Program Files (x86)\\Mozilla Firefox\\firefox.exe" "--marionette" "--remote-debugging-port" "50349" "-no-remote" "-profile" "C:\\Users\\对二氯苯\\AppData\\Local\\Temp\\rust_mozprofileGEJx3L"
1649382386088	Marionette	INFO	Marionette enabled
console.warn: SearchSettings: "get: No settings file exists, new profile?" (new NotFoundError("Could not open the file at C:\\Users\\\u5BF9\u4E8C\u6C2F\u82EF\\AppData\\Local\\Temp\\rust_mozprofileGEJx3L\\search.json.mozlz4", (void 0)))
DevTools listening on ws://localhost:50349/devtools/browser/eefb98c4-acdb-4ac0-8d2d-c35a6454191b
1649382387766	Marionette	INFO	Listening on port 50354
1649382387890	RemoteAgent	WARN	TLS certificate errors will be ignored for this session
JavaScript error: resource://gre/actors/AutoCompleteChild.jsm, line 125: Error: Invalid autocomplete selectedIndex
JavaScript error: resource://gre/actors/AutoCompleteChild.jsm, line 125: Error: Invalid autocomplete selectedIndex
JavaScript error: resource://gre/modules/LoginManagerChild.jsm, line 194: NS_ERROR_XPC_JAVASCRIPT_ERROR_WITH_DETAILS: [JavaScript Error: "Invalid autocomplete selectedIndex" {file: "resource://gre/actors/AutoCompleteChild.jsm" line: 125}]'[JavaScript Error: "Invalid autocomplete selectedIndex" {file: "resource://gre/actors/AutoCompleteChild.jsm" line: 125}]' when calling method: [nsIAutoCompletePopup::selectedIndex]
console.warn: LoginRecipes: "getRecipes: falling back to a synchronous message for:" "http://127.0.0.1:8000"
1649382402568	Marionette	INFO	Stopped listening on port 50354
console.warn: TopSitesFeed: Failed to fetch data from Contile server: NetworkError when attempting to fetch resource.
